# JRE version: Java(TM) SE Runtime Environment (8.0_171-b11) (build 1.8.0_171-b11)
# Java VM: Java HotSpot(TM) 64-Bit Server VM (25.171-b11 mixed mode windows-amd64 compressed oops)
Heap:
 PSYoungGen      total 397824K, used 324096K [0x00000000d9d80000, 0x0000000100000000, 0x0000000100000000)
  eden space 324096K, 100% used [0x00000000d9d80000,0x00000000eda00000,0x00000000eda00000)
  from space 73728K, 0% used [0x00000000fb800000,0x00000000fb800000,0x0000000100000000)
  to   space 150528K, 0% used [0x00000000eda00000,0x00000000eda00000,0x00000000f6d00000)
 ParOldGen       total 424448K, used 424105K [0x000000008d800000, 0x00000000a7680000, 0x00000000d9d80000)
  object space 424448K, 99% used [0x000000008d800000,0x00000000a762a538,0x00000000a7680000)
 Metaspace       used 36925K, capacity 38178K, committed 38272K, reserved 1083392K
  class space    used 4974K, capacity 5196K, committed 5248K, reserved 1048576K
GC Heap History (10 events):
Event: 125.978 GC heap after
Heap after GC invocations=148 (full 124):
 PSYoungGen      total 397824K, used 193385K [0x00000000d9d80000, 0x0000000100000000, 0x0000000100000000)
  eden space 324096K, 59% used [0x00000000d9d80000,0x00000000e5a5a5a8,0x00000000eda00000)
  from space 73728K, 0% used [0x00000000fb800000,0x00000000fb800000,0x0000000100000000)
  to   space 150528K, 0% used [0x00000000eda00000,0x00000000eda00000,0x00000000f6d00000)
 ParOldGen       total 424448K, used 424358K [0x000000008d800000, 0x00000000a7680000, 0x00000000d9d80000)
  object space 424448K, 99% used [0x000000008d800000,0x00000000a76698a0,0x00000000a7680000)
 Metaspace       used 36915K, capacity 38178K, committed 38272K, reserved 1083392K
  class space    used 4974K, capacity 5196K, committed 5248K, reserved 1048576K
}
Event: 126.026 GC heap before
{Heap before GC invocations=149 (full 125):
 PSYoungGen      total 397824K, used 324096K [0x00000000d9d80000, 0x0000000100000000, 0x0000000100000000)
  eden space 324096K, 100% used [0x00000000d9d80000,0x00000000eda00000,0x00000000eda00000)
  from space 73728K, 0% used [0x00000000fb800000,0x00000000fb800000,0x0000000100000000)
  to   space 150528K, 0% used [0x00000000eda00000,0x00000000eda00000,0x00000000f6d00000)
 ParOldGen       total 424448K, used 424358K [0x000000008d800000, 0x00000000a7680000, 0x00000000d9d80000)
  object space 424448K, 99% used [0x000000008d800000,0x00000000a76698a0,0x00000000a7680000)
 Metaspace       used 36915K, capacity 38178K, committed 38272K, reserved 1083392K
  class space    used 4974K, capacity 5196K, committed 5248K, reserved 1048576K
Event: 126.862 GC heap after
Heap after GC invocations=149 (full 125):
 PSYoungGen      total 397824K, used 167420K [0x00000000d9d80000, 0x0000000100000000, 0x0000000100000000)
  eden space 324096K, 51% used [0x00000000d9d80000,0x00000000e40ff0b8,0x00000000eda00000)
  from space 73728K, 0% used [0x00000000fb800000,0x00000000fb800000,0x0000000100000000)
  to   space 150528K, 0% used [0x00000000eda00000,0x00000000eda00000,0x00000000f6d00000)
 ParOldGen       total 424448K, used 424204K [0x000000008d800000, 0x00000000a7680000, 0x00000000d9d80000)
  object space 424448K, 99% used [0x000000008d800000,0x00000000a76432e0,0x00000000a7680000)
 Metaspace       used 36915K, capacity 38178K, committed 38272K, reserved 1083392K
  class space    used 4974K, capacity 5196K, committed 5248K, reserved 1048576K
}
Event: 126.939 GC heap before
{Heap before GC invocations=150 (full 126):
 PSYoungGen      total 397824K, used 324096K [0x00000000d9d80000, 0x0000000100000000, 0x0000000100000000)
  eden space 324096K, 100% used [0x00000000d9d80000,0x00000000eda00000,0x00000000eda00000)
  from space 73728K, 0% used [0x00000000fb800000,0x00000000fb800000,0x0000000100000000)
  to   space 150528K, 0% used [0x00000000eda00000,0x00000000eda00000,0x00000000f6d00000)
 ParOldGen       total 424448K, used 424204K [0x000000008d800000, 0x00000000a7680000, 0x00000000d9d80000)
  object space 424448K, 99% used [0x000000008d800000,0x00000000a76432e0,0x00000000a7680000)
 Metaspace       used 36920K, capacity 38178K, committed 38272K, reserved 1083392K
  class space    used 4974K, capacity 5196K, committed 5248K, reserved 1048576K
Event: 127.618 GC heap after
Heap after GC invocations=150 (full 126):
 PSYoungGen      total 397824K, used 147947K [0x00000000d9d80000, 0x0000000100000000, 0x0000000100000000)
  eden space 324096K, 45% used [0x00000000d9d80000,0x00000000e2dfac30,0x00000000eda00000)
  from space 73728K, 0% used [0x00000000fb800000,0x00000000fb800000,0x0000000100000000)
  to   space 150528K, 0% used [0x00000000eda00000,0x00000000eda00000,0x00000000f6d00000)
 ParOldGen       total 424448K, used 424344K [0x000000008d800000, 0x00000000a7680000, 0x00000000d9d80000)
  object space 424448K, 99% used [0x000000008d800000,0x00000000a76662c0,0x00000000a7680000)
 Metaspace       used 36920K, capacity 38178K, committed 38272K, reserved 1083392K
  class space    used 4974K, capacity 5196K, committed 5248K, reserved 1048576K
}
Event: 127.715 GC heap before
{Heap before GC invocations=151 (full 127):
 PSYoungGen      total 397824K, used 324096K [0x00000000d9d80000, 0x0000000100000000, 0x0000000100000000)
  eden space 324096K, 100% used [0x00000000d9d80000,0x00000000eda00000,0x00000000eda00000)
  from space 73728K, 0% used [0x00000000fb800000,0x00000000fb800000,0x0000000100000000)
  to   space 150528K, 0% used [0x00000000eda00000,0x00000000eda00000,0x00000000f6d00000)
 ParOldGen       total 424448K, used 424344K [0x000000008d800000, 0x00000000a7680000, 0x00000000d9d80000)
  object space 424448K, 99% used [0x000000008d800000,0x00000000a76662c0,0x00000000a7680000)
 Metaspace       used 36924K, capacity 38178K, committed 38272K, reserved 1083392K
  class space    used 4974K, capacity 5196K, committed 5248K, reserved 1048576K
Event: 128.373 GC heap after
Heap after GC invocations=151 (full 127):
 PSYoungGen      total 397824K, used 132299K [0x00000000d9d80000, 0x0000000100000000, 0x0000000100000000)
  eden space 324096K, 40% used [0x00000000d9d80000,0x00000000e1eb2cf8,0x00000000eda00000)
  from space 73728K, 0% used [0x00000000fb800000,0x00000000fb800000,0x0000000100000000)
  to   space 150528K, 0% used [0x00000000eda00000,0x00000000eda00000,0x00000000f6d00000)
 ParOldGen       total 424448K, used 424420K [0x000000008d800000, 0x00000000a7680000, 0x00000000d9d80000)
  object space 424448K, 99% used [0x000000008d800000,0x00000000a7679178,0x00000000a7680000)
 Metaspace       used 36924K, capacity 38178K, committed 38272K, reserved 1083392K
  class space    used 4974K, capacity 5196K, committed 5248K, reserved 1048576K
}
Event: 128.481 GC heap before
{Heap before GC invocations=152 (full 128):
 PSYoungGen      total 397824K, used 324096K [0x00000000d9d80000, 0x0000000100000000, 0x0000000100000000)
  eden space 324096K, 100% used [0x00000000d9d80000,0x00000000eda00000,0x00000000eda00000)
  from space 73728K, 0% used [0x00000000fb800000,0x00000000fb800000,0x0000000100000000)
  to   space 150528K, 0% used [0x00000000eda00000,0x00000000eda00000,0x00000000f6d00000)
 ParOldGen       total 424448K, used 424420K [0x000000008d800000, 0x00000000a7680000, 0x00000000d9d80000)
  object space 424448K, 99% used [0x000000008d800000,0x00000000a7679178,0x00000000a7680000)
 Metaspace       used 36925K, capacity 38178K, committed 38272K, reserved 1083392K
  class space    used 4974K, capacity 5196K, committed 5248K, reserved 1048576K
Event: 129.115 GC heap after
Heap after GC invocations=152 (full 128):
 PSYoungGen      total 397824K, used 73920K [0x00000000d9d80000, 0x0000000100000000, 0x0000000100000000)
  eden space 324096K, 22% used [0x00000000d9d80000,0x00000000de5b02d0,0x00000000eda00000)
  from space 73728K, 0% used [0x00000000fb800000,0x00000000fb800000,0x0000000100000000)
  to   space 150528K, 0% used [0x00000000eda00000,0x00000000eda00000,0x00000000f6d00000)
 ParOldGen       total 424448K, used 424105K [0x000000008d800000, 0x00000000a7680000, 0x00000000d9d80000)
  object space 424448K, 99% used [0x000000008d800000,0x00000000a762a538,0x00000000a7680000)
 Metaspace       used 36925K, capacity 38178K, committed 38272K, reserved 1083392K
  class space    used 4974K, capacity 5196K, committed 5248K, reserved 1048576K
}
Event: 129.251 GC heap before
{Heap before GC invocations=153 (full 129):
 PSYoungGen      total 397824K, used 324096K [0x00000000d9d80000, 0x0000000100000000, 0x0000000100000000)
  eden space 324096K, 100% used [0x00000000d9d80000,0x00000000eda00000,0x00000000eda00000)
  from space 73728K, 0% used [0x00000000fb800000,0x00000000fb800000,0x0000000100000000)
  to   space 150528K, 0% used [0x00000000eda00000,0x00000000eda00000,0x00000000f6d00000)
 ParOldGen       total 424448K, used 424105K [0x000000008d800000, 0x00000000a7680000, 0x00000000d9d80000)
  object space 424448K, 99% used [0x000000008d800000,0x00000000a762a538,0x00000000a7680000)
 Metaspace       used 36925K, capacity 38178K, committed 38272K, reserved 1083392K
  class space    used 4974K, capacity 5196K, committed 5248K, reserved 1048576K

