# JRE version: Java(TM) SE Runtime Environment (8.0_191-b12) (build 1.8.0_191-b12)
# Java VM: Java HotSpot(TM) 64-Bit Server VM (25.191-b12 mixed mode windows-amd64 compressed oops)
Heap:
 PSYoungGen      total 281600K, used 246348K [0x00000000e4400000, 0x00000000f7480000, 0x0000000100000000)
  eden space 251392K, 97% used [0x00000000e4400000,0x00000000f34930e0,0x00000000f3980000)
  from space 30208K, 0% used [0x00000000f5700000,0x00000000f5700000,0x00000000f7480000)
  to   space 30208K, 0% used [0x00000000f3980000,0x00000000f3980000,0x00000000f5700000)
 ParOldGen       total 169472K, used 169453K [0x00000000acc00000, 0x00000000b7180000, 0x00000000e4400000)
  object space 169472K, 99% used [0x00000000acc00000,0x00000000b717b440,0x00000000b7180000)
 Metaspace       used 30411K, capacity 31460K, committed 31744K, reserved 1077248K
  class space    used 4309K, capacity 4521K, committed 4608K, reserved 1048576K
GC Heap History (10 events):
Event: 4.252 GC heap before
{Heap before GC invocations=29 (full 2):
 PSYoungGen      total 281600K, used 281575K [0x00000000e4400000, 0x00000000f7480000, 0x0000000100000000)
  eden space 251392K, 100% used [0x00000000e4400000,0x00000000f3980000,0x00000000f3980000)
  from space 30208K, 99% used [0x00000000f5700000,0x00000000f7479cc8,0x00000000f7480000)
  to   space 30208K, 0% used [0x00000000f3980000,0x00000000f3980000,0x00000000f5700000)
 ParOldGen       total 169472K, used 143944K [0x00000000acc00000, 0x00000000b7180000, 0x00000000e4400000)
  object space 169472K, 84% used [0x00000000acc00000,0x00000000b5892188,0x00000000b7180000)
 Metaspace       used 21869K, capacity 22138K, committed 22528K, reserved 1069056K
  class space    used 2900K, capacity 2968K, committed 3072K, reserved 1048576K
Event: 4.273 GC heap after
Heap after GC invocations=29 (full 2):
 PSYoungGen      total 281600K, used 27751K [0x00000000e4400000, 0x00000000f7480000, 0x0000000100000000)
  eden space 251392K, 0% used [0x00000000e4400000,0x00000000e4400000,0x00000000f3980000)
  from space 30208K, 91% used [0x00000000f3980000,0x00000000f5499cc8,0x00000000f5700000)
  to   space 30208K, 0% used [0x00000000f5700000,0x00000000f5700000,0x00000000f7480000)
 ParOldGen       total 169472K, used 152480K [0x00000000acc00000, 0x00000000b7180000, 0x00000000e4400000)
  object space 169472K, 89% used [0x00000000acc00000,0x00000000b60e8188,0x00000000b7180000)
 Metaspace       used 21869K, capacity 22138K, committed 22528K, reserved 1069056K
  class space    used 2900K, capacity 2968K, committed 3072K, reserved 1048576K
}
Event: 4.330 GC heap before
{Heap before GC invocations=30 (full 2):
 PSYoungGen      total 281600K, used 279143K [0x00000000e4400000, 0x00000000f7480000, 0x0000000100000000)
  eden space 251392K, 100% used [0x00000000e4400000,0x00000000f3980000,0x00000000f3980000)
  from space 30208K, 91% used [0x00000000f3980000,0x00000000f5499cc8,0x00000000f5700000)
  to   space 30208K, 0% used [0x00000000f5700000,0x00000000f5700000,0x00000000f7480000)
 ParOldGen       total 169472K, used 152480K [0x00000000acc00000, 0x00000000b7180000, 0x00000000e4400000)
  object space 169472K, 89% used [0x00000000acc00000,0x00000000b60e8188,0x00000000b7180000)
 Metaspace       used 21869K, capacity 22138K, committed 22528K, reserved 1069056K
  class space    used 2900K, capacity 2968K, committed 3072K, reserved 1048576K
Event: 4.360 GC heap after
Heap after GC invocations=30 (full 2):
 PSYoungGen      total 281600K, used 28123K [0x00000000e4400000, 0x00000000f7480000, 0x0000000100000000)
  eden space 251392K, 0% used [0x00000000e4400000,0x00000000e4400000,0x00000000f3980000)
  from space 30208K, 93% used [0x00000000f5700000,0x00000000f7276e20,0x00000000f7480000)
  to   space 30208K, 0% used [0x00000000f3980000,0x00000000f3980000,0x00000000f5700000)
 ParOldGen       total 169472K, used 157872K [0x00000000acc00000, 0x00000000b7180000, 0x00000000e4400000)
  object space 169472K, 93% used [0x00000000acc00000,0x00000000b662c188,0x00000000b7180000)
 Metaspace       used 21869K, capacity 22138K, committed 22528K, reserved 1069056K
  class space    used 2900K, capacity 2968K, committed 3072K, reserved 1048576K
}
Event: 4.360 GC heap before
{Heap before GC invocations=31 (full 3):
 PSYoungGen      total 281600K, used 28123K [0x00000000e4400000, 0x00000000f7480000, 0x0000000100000000)
  eden space 251392K, 0% used [0x00000000e4400000,0x00000000e4400000,0x00000000f3980000)
  from space 30208K, 93% used [0x00000000f5700000,0x00000000f7276e20,0x00000000f7480000)
  to   space 30208K, 0% used [0x00000000f3980000,0x00000000f3980000,0x00000000f5700000)
 ParOldGen       total 169472K, used 157872K [0x00000000acc00000, 0x00000000b7180000, 0x00000000e4400000)
  object space 169472K, 93% used [0x00000000acc00000,0x00000000b662c188,0x00000000b7180000)
 Metaspace       used 21869K, capacity 22138K, committed 22528K, reserved 1069056K
  class space    used 2900K, capacity 2968K, committed 3072K, reserved 1048576K
Event: 4.798 GC heap after
Heap after GC invocations=31 (full 3):
 PSYoungGen      total 281600K, used 12618K [0x00000000e4400000, 0x00000000f7480000, 0x0000000100000000)
  eden space 251392K, 0% used [0x00000000e4400000,0x00000000e4400000,0x00000000f3980000)
  from space 30208K, 41% used [0x00000000f5700000,0x00000000f6352a50,0x00000000f7480000)
  to   space 30208K, 0% used [0x00000000f3980000,0x00000000f3980000,0x00000000f5700000)
 ParOldGen       total 169472K, used 169111K [0x00000000acc00000, 0x00000000b7180000, 0x00000000e4400000)
  object space 169472K, 99% used [0x00000000acc00000,0x00000000b7125e28,0x00000000b7180000)
 Metaspace       used 21869K, capacity 22138K, committed 22528K, reserved 1069056K
  class space    used 2900K, capacity 2968K, committed 3072K, reserved 1048576K
}
Event: 4.859 GC heap before
{Heap before GC invocations=32 (full 4):
 PSYoungGen      total 281600K, used 264010K [0x00000000e4400000, 0x00000000f7480000, 0x0000000100000000)
  eden space 251392K, 100% used [0x00000000e4400000,0x00000000f3980000,0x00000000f3980000)
  from space 30208K, 41% used [0x00000000f5700000,0x00000000f6352a50,0x00000000f7480000)
  to   space 30208K, 0% used [0x00000000f3980000,0x00000000f3980000,0x00000000f5700000)
 ParOldGen       total 169472K, used 169111K [0x00000000acc00000, 0x00000000b7180000, 0x00000000e4400000)
  object space 169472K, 99% used [0x00000000acc00000,0x00000000b7125e28,0x00000000b7180000)
 Metaspace       used 21869K, capacity 22138K, committed 22528K, reserved 1069056K
  class space    used 2900K, capacity 2968K, committed 3072K, reserved 1048576K
Event: 5.099 GC heap after
Heap after GC invocations=32 (full 4):
 PSYoungGen      total 281600K, used 17704K [0x00000000e4400000, 0x00000000f7480000, 0x0000000100000000)
  eden space 251392K, 7% used [0x00000000e4400000,0x00000000e554a320,0x00000000f3980000)
  from space 30208K, 0% used [0x00000000f5700000,0x00000000f5700000,0x00000000f7480000)
  to   space 30208K, 0% used [0x00000000f3980000,0x00000000f3980000,0x00000000f5700000)
 ParOldGen       total 169472K, used 169461K [0x00000000acc00000, 0x00000000b7180000, 0x00000000e4400000)
  object space 169472K, 99% used [0x00000000acc00000,0x00000000b717d660,0x00000000b7180000)
 Metaspace       used 21869K, capacity 22138K, committed 22528K, reserved 1069056K
  class space    used 2900K, capacity 2968K, committed 3072K, reserved 1048576K
}
Event: 5.158 GC heap before
{Heap before GC invocations=33 (full 5):
 PSYoungGen      total 281600K, used 251392K [0x00000000e4400000, 0x00000000f7480000, 0x0000000100000000)
  eden space 251392K, 100% used [0x00000000e4400000,0x00000000f3980000,0x00000000f3980000)
  from space 30208K, 0% used [0x00000000f5700000,0x00000000f5700000,0x00000000f7480000)
  to   space 30208K, 0% used [0x00000000f3980000,0x00000000f3980000,0x00000000f5700000)
 ParOldGen       total 169472K, used 169461K [0x00000000acc00000, 0x00000000b7180000, 0x00000000e4400000)
  object space 169472K, 99% used [0x00000000acc00000,0x00000000b717d660,0x00000000b7180000)
 Metaspace       used 21869K, capacity 22138K, committed 22528K, reserved 1069056K
  class space    used 2900K, capacity 2968K, committed 3072K, reserved 1048576K
Event: 5.390 GC heap after
Heap after GC invocations=33 (full 5):
 PSYoungGen      total 281600K, used 22792K [0x00000000e4400000, 0x00000000f7480000, 0x0000000100000000)
  eden space 251392K, 9% used [0x00000000e4400000,0x00000000e5a42208,0x00000000f3980000)
  from space 30208K, 0% used [0x00000000f5700000,0x00000000f5700000,0x00000000f7480000)
  to   space 30208K, 0% used [0x00000000f3980000,0x00000000f3980000,0x00000000f5700000)
 ParOldGen       total 169472K, used 169453K [0x00000000acc00000, 0x00000000b7180000, 0x00000000e4400000)
  object space 169472K, 99% used [0x00000000acc00000,0x00000000b717b440,0x00000000b7180000)
 Metaspace       used 21869K, capacity 22138K, committed 22528K, reserved 1069056K
  class space    used 2900K, capacity 2968K, committed 3072K, reserved 1048576K
}

