# JRE version: Java(TM) SE Runtime Environment (8.0_111-b14) (build 1.8.0_111-b14)
# Java VM: Java HotSpot(TM) 64-Bit Server VM (25.111-b14 mixed mode windows-amd64 compressed oops)
Heap:
 def new generation   total 9792K, used 532K [0x00000000f7e00000, 0x00000000f88a0000, 0x00000000fa950000)
  eden space 8704K,   6% used [0x00000000f7e00000, 0x00000000f7e85280, 0x00000000f8680000)
  from space 1088K,   0% used [0x00000000f8790000, 0x00000000f8790000, 0x00000000f88a0000)
  to   space 1088K,   0% used [0x00000000f8680000, 0x00000000f8680000, 0x00000000f8790000)
 tenured generation   total 21888K, used 4766K [0x00000000fa950000, 0x00000000fbeb0000, 0x0000000100000000)
   the space 21888K,  21% used [0x00000000fa950000, 0x00000000fadf79d8, 0x00000000fadf7a00, 0x00000000fbeb0000)
 Metaspace       used 17533K, capacity 17720K, committed 18048K, reserved 1069056K
  class space    used 2270K, capacity 2349K, committed 2432K, reserved 1048576K
GC Heap History (10 events):
Event: 1.858 GC heap before
{Heap before GC invocations=1 (full 0):
 def new generation   total 9792K, used 9791K [0x00000000f7e00000, 0x00000000f88a0000, 0x00000000fa950000)
  eden space 8704K, 100% used [0x00000000f7e00000, 0x00000000f8680000, 0x00000000f8680000)
  from space 1088K,  99% used [0x00000000f8790000, 0x00000000f889fff8, 0x00000000f88a0000)
  to   space 1088K,   0% used [0x00000000f8680000, 0x00000000f8680000, 0x00000000f8790000)
 tenured generation   total 21888K, used 1063K [0x00000000fa950000, 0x00000000fbeb0000, 0x0000000100000000)
   the space 21888K,   4% used [0x00000000fa950000, 0x00000000faa59c90, 0x00000000faa59e00, 0x00000000fbeb0000)
 Metaspace       used 13111K, capacity 13360K, committed 13568K, reserved 1060864K
  class space    used 1614K, capacity 1695K, committed 1792K, reserved 1048576K
Event: 1.866 GC heap after
Heap after GC invocations=2 (full 0):
 def new generation   total 9792K, used 1087K [0x00000000f7e00000, 0x00000000f88a0000, 0x00000000fa950000)
  eden space 8704K,   0% used [0x00000000f7e00000, 0x00000000f7e00000, 0x00000000f8680000)
  from space 1088K,  99% used [0x00000000f8680000, 0x00000000f878fff8, 0x00000000f8790000)
  to   space 1088K,   0% used [0x00000000f8790000, 0x00000000f8790000, 0x00000000f88a0000)
 tenured generation   total 21888K, used 3166K [0x00000000fa950000, 0x00000000fbeb0000, 0x0000000100000000)
   the space 21888K,  14% used [0x00000000fa950000, 0x00000000fac67ba0, 0x00000000fac67c00, 0x00000000fbeb0000)
 Metaspace       used 13111K, capacity 13360K, committed 13568K, reserved 1060864K
  class space    used 1614K, capacity 1695K, committed 1792K, reserved 1048576K
}
Event: 2.568 GC heap before
{Heap before GC invocations=2 (full 0):
 def new generation   total 9792K, used 9791K [0x00000000f7e00000, 0x00000000f88a0000, 0x00000000fa950000)
  eden space 8704K, 100% used [0x00000000f7e00000, 0x00000000f8680000, 0x00000000f8680000)
  from space 1088K,  99% used [0x00000000f8680000, 0x00000000f878fff8, 0x00000000f8790000)
  to   space 1088K,   0% used [0x00000000f8790000, 0x00000000f8790000, 0x00000000f88a0000)
 tenured generation   total 21888K, used 3166K [0x00000000fa950000, 0x00000000fbeb0000, 0x0000000100000000)
   the space 21888K,  14% used [0x00000000fa950000, 0x00000000fac67ba0, 0x00000000fac67c00, 0x00000000fbeb0000)
 Metaspace       used 16620K, capacity 16796K, committed 17152K, reserved 1064960K
  class space    used 2175K, capacity 2241K, committed 2304K, reserved 1048576K
Event: 2.574 GC heap after
Heap after GC invocations=3 (full 0):
 def new generation   total 9792K, used 1088K [0x00000000f7e00000, 0x00000000f88a0000, 0x00000000fa950000)
  eden space 8704K,   0% used [0x00000000f7e00000, 0x00000000f7e00000, 0x00000000f8680000)
  from space 1088K, 100% used [0x00000000f8790000, 0x00000000f88a0000, 0x00000000f88a0000)
  to   space 1088K,   0% used [0x00000000f8680000, 0x00000000f8680000, 0x00000000f8790000)
 tenured generation   total 21888K, used 4986K [0x00000000fa950000, 0x00000000fbeb0000, 0x0000000100000000)
   the space 21888K,  22% used [0x00000000fa950000, 0x00000000fae2e870, 0x00000000fae2ea00, 0x00000000fbeb0000)
 Metaspace       used 16620K, capacity 16796K, committed 17152K, reserved 1064960K
  class space    used 2175K, capacity 2241K, committed 2304K, reserved 1048576K
}
Event: 2.716 GC heap before
{Heap before GC invocations=3 (full 0):
 def new generation   total 9792K, used 2361K [0x00000000f7e00000, 0x00000000f88a0000, 0x00000000fa950000)
  eden space 8704K,  14% used [0x00000000f7e00000, 0x00000000f7f3e660, 0x00000000f8680000)
  from space 1088K, 100% used [0x00000000f8790000, 0x00000000f88a0000, 0x00000000f88a0000)
  to   space 1088K,   0% used [0x00000000f8680000, 0x00000000f8680000, 0x00000000f8790000)
 tenured generation   total 21888K, used 4986K [0x00000000fa950000, 0x00000000fbeb0000, 0x0000000100000000)
   the space 21888K,  22% used [0x00000000fa950000, 0x00000000fae2e870, 0x00000000fae2ea00, 0x00000000fbeb0000)
 Metaspace       used 17603K, capacity 17832K, committed 18048K, reserved 1069056K
  class space    used 2282K, capacity 2371K, committed 2432K, reserved 1048576K
Event: 2.737 GC heap after
Heap after GC invocations=4 (full 1):
 def new generation   total 9792K, used 0K [0x00000000f7e00000, 0x00000000f88a0000, 0x00000000fa950000)
  eden space 8704K,   0% used [0x00000000f7e00000, 0x00000000f7e00000, 0x00000000f8680000)
  from space 1088K,   0% used [0x00000000f8790000, 0x00000000f8790000, 0x00000000f88a0000)
  to   space 1088K,   0% used [0x00000000f8680000, 0x00000000f8680000, 0x00000000f8790000)
 tenured generation   total 21888K, used 5807K [0x00000000fa950000, 0x00000000fbeb0000, 0x0000000100000000)
   the space 21888K,  26% used [0x00000000fa950000, 0x00000000faefbf18, 0x00000000faefc000, 0x00000000fbeb0000)
 Metaspace       used 17603K, capacity 17832K, committed 18048K, reserved 1067008K
  class space    used 2282K, capacity 2371K, committed 2432K, reserved 1048576K
}
Event: 2.739 GC heap before
{Heap before GC invocations=4 (full 1):
 def new generation   total 9792K, used 0K [0x00000000f7e00000, 0x00000000f88a0000, 0x00000000fa950000)
  eden space 8704K,   0% used [0x00000000f7e00000, 0x00000000f7e00010, 0x00000000f8680000)
  from space 1088K,   0% used [0x00000000f8790000, 0x00000000f8790000, 0x00000000f88a0000)
  to   space 1088K,   0% used [0x00000000f8680000, 0x00000000f8680000, 0x00000000f8790000)
 tenured generation   total 21888K, used 5807K [0x00000000fa950000, 0x00000000fbeb0000, 0x0000000100000000)
   the space 21888K,  26% used [0x00000000fa950000, 0x00000000faefbf18, 0x00000000faefc000, 0x00000000fbeb0000)
 Metaspace       used 17603K, capacity 17832K, committed 18048K, reserved 1073152K
  class space    used 2282K, capacity 2371K, committed 2432K, reserved 1048576K
Event: 2.758 GC heap after
Heap after GC invocations=5 (full 2):
 def new generation   total 9792K, used 0K [0x00000000f7e00000, 0x00000000f88a0000, 0x00000000fa950000)
  eden space 8704K,   0% used [0x00000000f7e00000, 0x00000000f7e00000, 0x00000000f8680000)
  from space 1088K,   0% used [0x00000000f8790000, 0x00000000f8790000, 0x00000000f88a0000)
  to   space 1088K,   0% used [0x00000000f8680000, 0x00000000f8680000, 0x00000000f8790000)
 tenured generation   total 21888K, used 4780K [0x00000000fa950000, 0x00000000fbeb0000, 0x0000000100000000)
   the space 21888K,  21% used [0x00000000fa950000, 0x00000000fadfb228, 0x00000000fadfb400, 0x00000000fbeb0000)
 Metaspace       used 17603K, capacity 17832K, committed 18048K, reserved 1067008K
  class space    used 2282K, capacity 2371K, committed 2432K, reserved 1048576K
}
Event: 2.758 GC heap before
{Heap before GC invocations=5 (full 2):
 def new generation   total 9792K, used 0K [0x00000000f7e00000, 0x00000000f88a0000, 0x00000000fa950000)
  eden space 8704K,   0% used [0x00000000f7e00000, 0x00000000f7e00000, 0x00000000f8680000)
  from space 1088K,   0% used [0x00000000f8790000, 0x00000000f8790000, 0x00000000f88a0000)
  to   space 1088K,   0% used [0x00000000f8680000, 0x00000000f8680000, 0x00000000f8790000)
 tenured generation   total 21888K, used 4780K [0x00000000fa950000, 0x00000000fbeb0000, 0x0000000100000000)
   the space 21888K,  21% used [0x00000000fa950000, 0x00000000fadfb228, 0x00000000fadfb400, 0x00000000fbeb0000)
 Metaspace       used 17603K, capacity 17832K, committed 18048K, reserved 1071104K
  class space    used 2282K, capacity 2371K, committed 2432K, reserved 1048576K
Event: 2.775 GC heap after
Heap after GC invocations=6 (full 3):
 def new generation   total 9792K, used 0K [0x00000000f7e00000, 0x00000000f88a0000, 0x00000000fa950000)
  eden space 8704K,   0% used [0x00000000f7e00000, 0x00000000f7e00000, 0x00000000f8680000)
  from space 1088K,   0% used [0x00000000f8790000, 0x00000000f8790000, 0x00000000f88a0000)
  to   space 1088K,   0% used [0x00000000f8680000, 0x00000000f8680000, 0x00000000f8790000)
 tenured generation   total 21888K, used 4766K [0x00000000fa950000, 0x00000000fbeb0000, 0x0000000100000000)
   the space 21888K,  21% used [0x00000000fa950000, 0x00000000fadf79d8, 0x00000000fadf7a00, 0x00000000fbeb0000)
 Metaspace       used 17533K, capacity 17720K, committed 18048K, reserved 1067008K
  class space    used 2270K, capacity 2349K, committed 2432K, reserved 1048576K
}

