# JRE version: Java(TM) SE Runtime Environment (8.0_111-b14) (build 1.8.0_111-b14)
# Java VM: Java HotSpot(TM) 64-Bit Server VM (25.111-b14 mixed mode windows-amd64 compressed oops)
Heap:
 def new generation   total 158528K, used 35531K [0x00000000d1800000, 0x00000000dc400000, 0x00000000e1000000)
  eden space 140928K,  12% used [0x00000000d1800000, 0x00000000d2982ec0, 0x00000000da1a0000)
  from space 17600K, 100% used [0x00000000db2d0000, 0x00000000dc400000, 0x00000000dc400000)
  to   space 17600K,   0% used [0x00000000da1a0000, 0x00000000da1a0000, 0x00000000db2d0000)
 tenured generation   total 352096K, used 211838K [0x00000000e1000000, 0x00000000f67d8000, 0x0000000100000000)
   the space 352096K,  60% used [0x00000000e1000000, 0x00000000ededfa28, 0x00000000ededfc00, 0x00000000f67d8000)
 Metaspace       used 32538K, capacity 33690K, committed 33920K, reserved 1079296K
  class space    used 4447K, capacity 4630K, committed 4736K, reserved 1048576K
GC Heap History (10 events):
Event: 9.023 GC heap before
{Heap before GC invocations=77 (full 5):
 def new generation   total 108288K, used 102849K [0x00000000d1800000, 0x00000000d8d80000, 0x00000000e1000000)
  eden space 96256K,  99% used [0x00000000d1800000, 0x00000000d75f4630, 0x00000000d7600000)
  from space 12032K,  55% used [0x00000000d81c0000, 0x00000000d883c138, 0x00000000d8d80000)
  to   space 12032K,   0% used [0x00000000d7600000, 0x00000000d7600000, 0x00000000d81c0000)
 tenured generation   total 240408K, used 184867K [0x00000000e1000000, 0x00000000efac6000, 0x0000000100000000)
   the space 240408K,  76% used [0x00000000e1000000, 0x00000000ec488ca0, 0x00000000ec488e00, 0x00000000efac6000)
 Metaspace       used 22133K, capacity 22334K, committed 22784K, reserved 1069056K
  class space    used 2907K, capacity 2992K, committed 3072K, reserved 1048576K
Event: 9.038 GC heap after
Heap after GC invocations=78 (full 5):
 def new generation   total 108288K, used 6716K [0x00000000d1800000, 0x00000000d8d80000, 0x00000000e1000000)
  eden space 96256K,   0% used [0x00000000d1800000, 0x00000000d1800000, 0x00000000d7600000)
  from space 12032K,  55% used [0x00000000d7600000, 0x00000000d7c8f3b0, 0x00000000d81c0000)
  to   space 12032K,   0% used [0x00000000d81c0000, 0x00000000d81c0000, 0x00000000d8d80000)
 tenured generation   total 240408K, used 187126K [0x00000000e1000000, 0x00000000efac6000, 0x0000000100000000)
   the space 240408K,  77% used [0x00000000e1000000, 0x00000000ec6bd810, 0x00000000ec6bda00, 0x00000000efac6000)
 Metaspace       used 22133K, capacity 22334K, committed 22784K, reserved 1069056K
  class space    used 2907K, capacity 2992K, committed 3072K, reserved 1048576K
}
Event: 9.054 GC heap before
{Heap before GC invocations=78 (full 5):
 def new generation   total 108288K, used 102965K [0x00000000d1800000, 0x00000000d8d80000, 0x00000000e1000000)
  eden space 96256K,  99% used [0x00000000d1800000, 0x00000000d75fe3c0, 0x00000000d7600000)
  from space 12032K,  55% used [0x00000000d7600000, 0x00000000d7c8f3b0, 0x00000000d81c0000)
  to   space 12032K,   0% used [0x00000000d81c0000, 0x00000000d81c0000, 0x00000000d8d80000)
 tenured generation   total 240408K, used 187126K [0x00000000e1000000, 0x00000000efac6000, 0x0000000100000000)
   the space 240408K,  77% used [0x00000000e1000000, 0x00000000ec6bd810, 0x00000000ec6bda00, 0x00000000efac6000)
 Metaspace       used 22133K, capacity 22334K, committed 22784K, reserved 1069056K
  class space    used 2907K, capacity 2992K, committed 3072K, reserved 1048576K
Event: 9.069 GC heap after
Heap after GC invocations=79 (full 5):
 def new generation   total 108288K, used 6527K [0x00000000d1800000, 0x00000000d8d80000, 0x00000000e1000000)
  eden space 96256K,   0% used [0x00000000d1800000, 0x00000000d1800000, 0x00000000d7600000)
  from space 12032K,  54% used [0x00000000d81c0000, 0x00000000d881fdc0, 0x00000000d8d80000)
  to   space 12032K,   0% used [0x00000000d7600000, 0x00000000d7600000, 0x00000000d81c0000)
 tenured generation   total 240408K, used 189387K [0x00000000e1000000, 0x00000000efac6000, 0x0000000100000000)
   the space 240408K,  78% used [0x00000000e1000000, 0x00000000ec8f2ea0, 0x00000000ec8f3000, 0x00000000efac6000)
 Metaspace       used 22133K, capacity 22334K, committed 22784K, reserved 1069056K
  class space    used 2907K, capacity 2992K, committed 3072K, reserved 1048576K
}
Event: 9.897 GC heap before
{Heap before GC invocations=79 (full 5):
 def new generation   total 108288K, used 102783K [0x00000000d1800000, 0x00000000d8d80000, 0x00000000e1000000)
  eden space 96256K, 100% used [0x00000000d1800000, 0x00000000d7600000, 0x00000000d7600000)
  from space 12032K,  54% used [0x00000000d81c0000, 0x00000000d881fdc0, 0x00000000d8d80000)
  to   space 12032K,   0% used [0x00000000d7600000, 0x00000000d7600000, 0x00000000d81c0000)
 tenured generation   total 240408K, used 189387K [0x00000000e1000000, 0x00000000efac6000, 0x0000000100000000)
   the space 240408K,  78% used [0x00000000e1000000, 0x00000000ec8f2ea0, 0x00000000ec8f3000, 0x00000000efac6000)
 Metaspace       used 23706K, capacity 24020K, committed 24320K, reserved 1071104K
  class space    used 3190K, capacity 3303K, committed 3328K, reserved 1048576K
Event: 9.912 GC heap after
Heap after GC invocations=80 (full 5):
 def new generation   total 108288K, used 6935K [0x00000000d1800000, 0x00000000d8d80000, 0x00000000e1000000)
  eden space 96256K,   0% used [0x00000000d1800000, 0x00000000d1800000, 0x00000000d7600000)
  from space 12032K,  57% used [0x00000000d7600000, 0x00000000d7cc5d80, 0x00000000d81c0000)
  to   space 12032K,   0% used [0x00000000d81c0000, 0x00000000d81c0000, 0x00000000d8d80000)
 tenured generation   total 240408K, used 191501K [0x00000000e1000000, 0x00000000efac6000, 0x0000000100000000)
   the space 240408K,  79% used [0x00000000e1000000, 0x00000000ecb03630, 0x00000000ecb03800, 0x00000000efac6000)
 Metaspace       used 23706K, capacity 24020K, committed 24320K, reserved 1071104K
  class space    used 3190K, capacity 3303K, committed 3328K, reserved 1048576K
}
Event: 11.621 GC heap before
{Heap before GC invocations=80 (full 5):
 def new generation   total 108288K, used 103191K [0x00000000d1800000, 0x00000000d8d80000, 0x00000000e1000000)
  eden space 96256K, 100% used [0x00000000d1800000, 0x00000000d7600000, 0x00000000d7600000)
  from space 12032K,  57% used [0x00000000d7600000, 0x00000000d7cc5d80, 0x00000000d81c0000)
  to   space 12032K,   0% used [0x00000000d81c0000, 0x00000000d81c0000, 0x00000000d8d80000)
 tenured generation   total 240408K, used 191501K [0x00000000e1000000, 0x00000000efac6000, 0x0000000100000000)
   the space 240408K,  79% used [0x00000000e1000000, 0x00000000ecb03630, 0x00000000ecb03800, 0x00000000efac6000)
 Metaspace       used 27942K, capacity 28746K, committed 28928K, reserved 1075200K
  class space    used 3859K, capacity 4002K, committed 4096K, reserved 1048576K
Event: 11.988 GC heap after
Heap after GC invocations=81 (full 6):
 def new generation   total 158528K, used 0K [0x00000000d1800000, 0x00000000dc400000, 0x00000000e1000000)
  eden space 140928K,   0% used [0x00000000d1800000, 0x00000000d1800000, 0x00000000da1a0000)
  from space 17600K,   0% used [0x00000000da1a0000, 0x00000000da1a0000, 0x00000000db2d0000)
  to   space 17600K,   0% used [0x00000000db2d0000, 0x00000000db2d0000, 0x00000000dc400000)
 tenured generation   total 352096K, used 211255K [0x00000000e1000000, 0x00000000f67d8000, 0x0000000100000000)
   the space 352096K,  59% used [0x00000000e1000000, 0x00000000ede4dd10, 0x00000000ede4de00, 0x00000000f67d8000)
 Metaspace       used 27942K, capacity 28746K, committed 28928K, reserved 1075200K
  class space    used 3859K, capacity 4002K, committed 4096K, reserved 1048576K
}
Event: 40.025 GC heap before
{Heap before GC invocations=81 (full 6):
 def new generation   total 158528K, used 140836K [0x00000000d1800000, 0x00000000dc400000, 0x00000000e1000000)
  eden space 140928K,  99% used [0x00000000d1800000, 0x00000000da189128, 0x00000000da1a0000)
  from space 17600K,   0% used [0x00000000da1a0000, 0x00000000da1a0000, 0x00000000db2d0000)
  to   space 17600K,   0% used [0x00000000db2d0000, 0x00000000db2d0000, 0x00000000dc400000)
 tenured generation   total 352096K, used 211255K [0x00000000e1000000, 0x00000000f67d8000, 0x0000000100000000)
   the space 352096K,  59% used [0x00000000e1000000, 0x00000000ede4dd10, 0x00000000ede4de00, 0x00000000f67d8000)
 Metaspace       used 32424K, capacity 33562K, committed 33920K, reserved 1079296K
  class space    used 4446K, capacity 4630K, committed 4736K, reserved 1048576K
Event: 40.060 GC heap after
Heap after GC invocations=82 (full 6):
 def new generation   total 158528K, used 17600K [0x00000000d1800000, 0x00000000dc400000, 0x00000000e1000000)
  eden space 140928K,   0% used [0x00000000d1800000, 0x00000000d1800000, 0x00000000da1a0000)
  from space 17600K, 100% used [0x00000000db2d0000, 0x00000000dc400000, 0x00000000dc400000)
  to   space 17600K,   0% used [0x00000000da1a0000, 0x00000000da1a0000, 0x00000000db2d0000)
 tenured generation   total 352096K, used 211838K [0x00000000e1000000, 0x00000000f67d8000, 0x0000000100000000)
   the space 352096K,  60% used [0x00000000e1000000, 0x00000000ededfa28, 0x00000000ededfc00, 0x00000000f67d8000)
 Metaspace       used 32424K, capacity 33562K, committed 33920K, reserved 1079296K
  class space    used 4446K, capacity 4630K, committed 4736K, reserved 1048576K
}

