# JRE version: Java(TM) SE Runtime Environment (8.0_191-b12) (build 1.8.0_191-b12)
# Java VM: Java HotSpot(TM) 64-Bit Server VM (25.191-b12 mixed mode windows-amd64 compressed oops)
Heap:
 PSYoungGen      total 115712K, used 59840K [0x00000000e3a00000, 0x00000000ee200000, 0x0000000100000000)
  eden space 59392K, 100% used [0x00000000e3a00000,0x00000000e7400000,0x00000000e7400000)
  from space 56320K, 0% used [0x00000000e7400000,0x00000000e7470000,0x00000000eab00000)
  to   space 56320K, 2% used [0x00000000eab00000,0x00000000eac28000,0x00000000ee200000)
 ParOldGen       total 172544K, used 105236K [0x00000000aae00000, 0x00000000b5680000, 0x00000000e3a00000)
  object space 172544K, 60% used [0x00000000aae00000,0x00000000b14c5110,0x00000000b5680000)
 Metaspace       used 24350K, capacity 24694K, committed 25088K, reserved 1071104K
  class space    used 3189K, capacity 3304K, committed 3328K, reserved 1048576K
GC Heap History (10 events):
Event: 2.286 GC heap after
Heap after GC invocations=9 (full 2):
 PSYoungGen      total 43520K, used 4096K [0x00000000e3a00000, 0x00000000e6d00000, 0x0000000100000000)
  eden space 39424K, 0% used [0x00000000e3a00000,0x00000000e3a00000,0x00000000e6080000)
  from space 4096K, 100% used [0x00000000e6080000,0x00000000e6480000,0x00000000e6480000)
  to   space 4096K, 0% used [0x00000000e6480000,0x00000000e6480000,0x00000000e6880000)
 ParOldGen       total 172544K, used 87075K [0x00000000aae00000, 0x00000000b5680000, 0x00000000e3a00000)
  object space 172544K, 50% used [0x00000000aae00000,0x00000000b0308fe0,0x00000000b5680000)
 Metaspace       used 24330K, capacity 24694K, committed 25088K, reserved 1071104K
  class space    used 3186K, capacity 3304K, committed 3328K, reserved 1048576K
}
Event: 2.309 GC heap before
{Heap before GC invocations=10 (full 2):
 PSYoungGen      total 43520K, used 43520K [0x00000000e3a00000, 0x00000000e6d00000, 0x0000000100000000)
  eden space 39424K, 100% used [0x00000000e3a00000,0x00000000e6080000,0x00000000e6080000)
  from space 4096K, 100% used [0x00000000e6080000,0x00000000e6480000,0x00000000e6480000)
  to   space 4096K, 0% used [0x00000000e6480000,0x00000000e6480000,0x00000000e6880000)
 ParOldGen       total 172544K, used 87075K [0x00000000aae00000, 0x00000000b5680000, 0x00000000e3a00000)
  object space 172544K, 50% used [0x00000000aae00000,0x00000000b0308fe0,0x00000000b5680000)
 Metaspace       used 24340K, capacity 24694K, committed 25088K, reserved 1071104K
  class space    used 3189K, capacity 3304K, committed 3328K, reserved 1048576K
Event: 2.318 GC heap after
Heap after GC invocations=10 (full 2):
 PSYoungGen      total 43520K, used 4096K [0x00000000e3a00000, 0x00000000e6d00000, 0x0000000100000000)
  eden space 39424K, 0% used [0x00000000e3a00000,0x00000000e3a00000,0x00000000e6080000)
  from space 4096K, 100% used [0x00000000e6480000,0x00000000e6880000,0x00000000e6880000)
  to   space 4096K, 0% used [0x00000000e6080000,0x00000000e6080000,0x00000000e6480000)
 ParOldGen       total 172544K, used 91378K [0x00000000aae00000, 0x00000000b5680000, 0x00000000e3a00000)
  object space 172544K, 52% used [0x00000000aae00000,0x00000000b073cae8,0x00000000b5680000)
 Metaspace       used 24340K, capacity 24694K, committed 25088K, reserved 1071104K
  class space    used 3189K, capacity 3304K, committed 3328K, reserved 1048576K
}
Event: 2.369 GC heap before
{Heap before GC invocations=11 (full 2):
 PSYoungGen      total 43520K, used 43520K [0x00000000e3a00000, 0x00000000e6d00000, 0x0000000100000000)
  eden space 39424K, 100% used [0x00000000e3a00000,0x00000000e6080000,0x00000000e6080000)
  from space 4096K, 100% used [0x00000000e6480000,0x00000000e6880000,0x00000000e6880000)
  to   space 4096K, 0% used [0x00000000e6080000,0x00000000e6080000,0x00000000e6480000)
 ParOldGen       total 172544K, used 91378K [0x00000000aae00000, 0x00000000b5680000, 0x00000000e3a00000)
  object space 172544K, 52% used [0x00000000aae00000,0x00000000b073cae8,0x00000000b5680000)
 Metaspace       used 24350K, capacity 24694K, committed 25088K, reserved 1071104K
  class space    used 3189K, capacity 3304K, committed 3328K, reserved 1048576K
Event: 2.378 GC heap after
Heap after GC invocations=11 (full 2):
 PSYoungGen      total 43520K, used 4064K [0x00000000e3a00000, 0x00000000ee300000, 0x0000000100000000)
  eden space 39424K, 0% used [0x00000000e3a00000,0x00000000e3a00000,0x00000000e6080000)
  from space 4096K, 99% used [0x00000000e6080000,0x00000000e6478010,0x00000000e6480000)
  to   space 57344K, 0% used [0x00000000eab00000,0x00000000eab00000,0x00000000ee300000)
 ParOldGen       total 172544K, used 98797K [0x00000000aae00000, 0x00000000b5680000, 0x00000000e3a00000)
  object space 172544K, 57% used [0x00000000aae00000,0x00000000b0e7b5d8,0x00000000b5680000)
 Metaspace       used 24350K, capacity 24694K, committed 25088K, reserved 1071104K
  class space    used 3189K, capacity 3304K, committed 3328K, reserved 1048576K
}
Event: 2.394 GC heap before
{Heap before GC invocations=12 (full 2):
 PSYoungGen      total 43520K, used 43467K [0x00000000e3a00000, 0x00000000ee300000, 0x0000000100000000)
  eden space 39424K, 99% used [0x00000000e3a00000,0x00000000e607ae18,0x00000000e6080000)
  from space 4096K, 99% used [0x00000000e6080000,0x00000000e6478010,0x00000000e6480000)
  to   space 57344K, 0% used [0x00000000eab00000,0x00000000eab00000,0x00000000ee300000)
 ParOldGen       total 172544K, used 98797K [0x00000000aae00000, 0x00000000b5680000, 0x00000000e3a00000)
  object space 172544K, 57% used [0x00000000aae00000,0x00000000b0e7b5d8,0x00000000b5680000)
 Metaspace       used 24350K, capacity 24694K, committed 25088K, reserved 1071104K
  class space    used 3189K, capacity 3304K, committed 3328K, reserved 1048576K
Event: 2.403 GC heap after
Heap after GC invocations=12 (full 2):
 PSYoungGen      total 115712K, used 4832K [0x00000000e3a00000, 0x00000000ee200000, 0x0000000100000000)
  eden space 59392K, 0% used [0x00000000e3a00000,0x00000000e3a00000,0x00000000e7400000)
  from space 56320K, 8% used [0x00000000eab00000,0x00000000eafb8010,0x00000000ee200000)
  to   space 56320K, 0% used [0x00000000e7400000,0x00000000e7400000,0x00000000eab00000)
 ParOldGen       total 172544K, used 99997K [0x00000000aae00000, 0x00000000b5680000, 0x00000000e3a00000)
  object space 172544K, 57% used [0x00000000aae00000,0x00000000b0fa75d8,0x00000000b5680000)
 Metaspace       used 24350K, capacity 24694K, committed 25088K, reserved 1071104K
  class space    used 3189K, capacity 3304K, committed 3328K, reserved 1048576K
}
Event: 2.414 GC heap before
{Heap before GC invocations=13 (full 2):
 PSYoungGen      total 115712K, used 64186K [0x00000000e3a00000, 0x00000000ee200000, 0x0000000100000000)
  eden space 59392K, 99% used [0x00000000e3a00000,0x00000000e73f6838,0x00000000e7400000)
  from space 56320K, 8% used [0x00000000eab00000,0x00000000eafb8010,0x00000000ee200000)
  to   space 56320K, 0% used [0x00000000e7400000,0x00000000e7400000,0x00000000eab00000)
 ParOldGen       total 172544K, used 99997K [0x00000000aae00000, 0x00000000b5680000, 0x00000000e3a00000)
  object space 172544K, 57% used [0x00000000aae00000,0x00000000b0fa75d8,0x00000000b5680000)
 Metaspace       used 24350K, capacity 24694K, committed 25088K, reserved 1071104K
  class space    used 3189K, capacity 3304K, committed 3328K, reserved 1048576K
Event: 2.419 GC heap after
Heap after GC invocations=13 (full 2):
 PSYoungGen      total 115712K, used 448K [0x00000000e3a00000, 0x00000000ee200000, 0x0000000100000000)
  eden space 59392K, 0% used [0x00000000e3a00000,0x00000000e3a00000,0x00000000e7400000)
  from space 56320K, 0% used [0x00000000e7400000,0x00000000e7470000,0x00000000eab00000)
  to   space 56320K, 0% used [0x00000000eab00000,0x00000000eab00000,0x00000000ee200000)
 ParOldGen       total 172544K, used 104820K [0x00000000aae00000, 0x00000000b5680000, 0x00000000e3a00000)
  object space 172544K, 60% used [0x00000000aae00000,0x00000000b145d110,0x00000000b5680000)
 Metaspace       used 24350K, capacity 24694K, committed 25088K, reserved 1071104K
  class space    used 3189K, capacity 3304K, committed 3328K, reserved 1048576K
}
Event: 2.434 GC heap before
{Heap before GC invocations=14 (full 2):
 PSYoungGen      total 115712K, used 59840K [0x00000000e3a00000, 0x00000000ee200000, 0x0000000100000000)
  eden space 59392K, 100% used [0x00000000e3a00000,0x00000000e7400000,0x00000000e7400000)
  from space 56320K, 0% used [0x00000000e7400000,0x00000000e7470000,0x00000000eab00000)
  to   space 56320K, 0% used [0x00000000eab00000,0x00000000eab00000,0x00000000ee200000)
 ParOldGen       total 172544K, used 104820K [0x00000000aae00000, 0x00000000b5680000, 0x00000000e3a00000)
  object space 172544K, 60% used [0x00000000aae00000,0x00000000b145d110,0x00000000b5680000)
 Metaspace       used 24350K, capacity 24694K, committed 25088K, reserved 1071104K
  class space    used 3189K, capacity 3304K, committed 3328K, reserved 1048576K

