# JRE version: Java(TM) SE Runtime Environment (8.0_191-b12) (build 1.8.0_191-b12)
# Java VM: Java HotSpot(TM) 64-Bit Server VM (25.191-b12 mixed mode windows-amd64 compressed oops)
Heap:
 PSYoungGen      total 105472K, used 95705K [0x00000000e8900000, 0x00000000f2180000, 0x0000000100000000)
  eden space 77824K, 96% used [0x00000000e8900000,0x00000000ed25ce60,0x00000000ed500000)
  from space 27648K, 74% used [0x00000000ed500000,0x00000000ee919998,0x00000000ef000000)
  to   space 28672K, 0% used [0x00000000f0580000,0x00000000f0580000,0x00000000f2180000)
 ParOldGen       total 169472K, used 80902K [0x00000000b9a00000, 0x00000000c3f80000, 0x00000000e8900000)
  object space 169472K, 47% used [0x00000000b9a00000,0x00000000be901840,0x00000000c3f80000)
 Metaspace       used 21800K, capacity 22074K, committed 22528K, reserved 1069056K
  class space    used 2890K, capacity 2968K, committed 3072K, reserved 1048576K
GC Heap History (10 events):
Event: 3.984 GC heap before
{Heap before GC invocations=9 (full 2):
 PSYoungGen      total 61440K, used 61040K [0x00000000e8900000, 0x00000000efc00000, 0x0000000100000000)
  eden space 55296K, 100% used [0x00000000e8900000,0x00000000ebf00000,0x00000000ebf00000)
  from space 6144K, 93% used [0x00000000ef600000,0x00000000efb9c020,0x00000000efc00000)
  to   space 28160K, 0% used [0x00000000ec500000,0x00000000ec500000,0x00000000ee080000)
 ParOldGen       total 169472K, used 80894K [0x00000000b9a00000, 0x00000000c3f80000, 0x00000000e8900000)
  object space 169472K, 47% used [0x00000000b9a00000,0x00000000be8ff840,0x00000000c3f80000)
 Metaspace       used 21791K, capacity 22074K, committed 22528K, reserved 1069056K
  class space    used 2890K, capacity 2968K, committed 3072K, reserved 1048576K
Event: 3.995 GC heap after
Heap after GC invocations=9 (full 2):
 PSYoungGen      total 89600K, used 13429K [0x00000000e8900000, 0x00000000efc80000, 0x0000000100000000)
  eden space 61440K, 0% used [0x00000000e8900000,0x00000000e8900000,0x00000000ec500000)
  from space 28160K, 47% used [0x00000000ec500000,0x00000000ed21d7e0,0x00000000ee080000)
  to   space 26624K, 0% used [0x00000000ee280000,0x00000000ee280000,0x00000000efc80000)
 ParOldGen       total 169472K, used 80902K [0x00000000b9a00000, 0x00000000c3f80000, 0x00000000e8900000)
  object space 169472K, 47% used [0x00000000b9a00000,0x00000000be901840,0x00000000c3f80000)
 Metaspace       used 21791K, capacity 22074K, committed 22528K, reserved 1069056K
  class space    used 2890K, capacity 2968K, committed 3072K, reserved 1048576K
}
Event: 4.022 GC heap before
{Heap before GC invocations=10 (full 2):
 PSYoungGen      total 89600K, used 74869K [0x00000000e8900000, 0x00000000efc80000, 0x0000000100000000)
  eden space 61440K, 100% used [0x00000000e8900000,0x00000000ec500000,0x00000000ec500000)
  from space 28160K, 47% used [0x00000000ec500000,0x00000000ed21d7e0,0x00000000ee080000)
  to   space 26624K, 0% used [0x00000000ee280000,0x00000000ee280000,0x00000000efc80000)
 ParOldGen       total 169472K, used 80902K [0x00000000b9a00000, 0x00000000c3f80000, 0x00000000e8900000)
  object space 169472K, 47% used [0x00000000b9a00000,0x00000000be901840,0x00000000c3f80000)
 Metaspace       used 21792K, capacity 22074K, committed 22528K, reserved 1069056K
  class space    used 2890K, capacity 2968K, committed 3072K, reserved 1048576K
Event: 4.039 GC heap after
Heap after GC invocations=10 (full 2):
 PSYoungGen      total 92160K, used 14997K [0x00000000e8900000, 0x00000000f0b80000, 0x0000000100000000)
  eden space 65536K, 0% used [0x00000000e8900000,0x00000000e8900000,0x00000000ec900000)
  from space 26624K, 56% used [0x00000000ee280000,0x00000000ef1257c0,0x00000000efc80000)
  to   space 26112K, 0% used [0x00000000ec900000,0x00000000ec900000,0x00000000ee280000)
 ParOldGen       total 169472K, used 80902K [0x00000000b9a00000, 0x00000000c3f80000, 0x00000000e8900000)
  object space 169472K, 47% used [0x00000000b9a00000,0x00000000be901840,0x00000000c3f80000)
 Metaspace       used 21792K, capacity 22074K, committed 22528K, reserved 1069056K
  class space    used 2890K, capacity 2968K, committed 3072K, reserved 1048576K
}
Event: 4.080 GC heap before
{Heap before GC invocations=11 (full 2):
 PSYoungGen      total 92160K, used 80533K [0x00000000e8900000, 0x00000000f0b80000, 0x0000000100000000)
  eden space 65536K, 100% used [0x00000000e8900000,0x00000000ec900000,0x00000000ec900000)
  from space 26624K, 56% used [0x00000000ee280000,0x00000000ef1257c0,0x00000000efc80000)
  to   space 26112K, 0% used [0x00000000ec900000,0x00000000ec900000,0x00000000ee280000)
 ParOldGen       total 169472K, used 80902K [0x00000000b9a00000, 0x00000000c3f80000, 0x00000000e8900000)
  object space 169472K, 47% used [0x00000000b9a00000,0x00000000be901840,0x00000000c3f80000)
 Metaspace       used 21792K, capacity 22074K, committed 22528K, reserved 1069056K
  class space    used 2890K, capacity 2968K, committed 3072K, reserved 1048576K
Event: 4.089 GC heap after
Heap after GC invocations=11 (full 2):
 PSYoungGen      total 91648K, used 17717K [0x00000000e8900000, 0x00000000f0a00000, 0x0000000100000000)
  eden space 65536K, 0% used [0x00000000e8900000,0x00000000e8900000,0x00000000ec900000)
  from space 26112K, 67% used [0x00000000ec900000,0x00000000eda4d7c0,0x00000000ee280000)
  to   space 26624K, 0% used [0x00000000ef000000,0x00000000ef000000,0x00000000f0a00000)
 ParOldGen       total 169472K, used 80902K [0x00000000b9a00000, 0x00000000c3f80000, 0x00000000e8900000)
  object space 169472K, 47% used [0x00000000b9a00000,0x00000000be901840,0x00000000c3f80000)
 Metaspace       used 21792K, capacity 22074K, committed 22528K, reserved 1069056K
  class space    used 2890K, capacity 2968K, committed 3072K, reserved 1048576K
}
Event: 4.107 GC heap before
{Heap before GC invocations=12 (full 2):
 PSYoungGen      total 91648K, used 83253K [0x00000000e8900000, 0x00000000f0a00000, 0x0000000100000000)
  eden space 65536K, 100% used [0x00000000e8900000,0x00000000ec900000,0x00000000ec900000)
  from space 26112K, 67% used [0x00000000ec900000,0x00000000eda4d7c0,0x00000000ee280000)
  to   space 26624K, 0% used [0x00000000ef000000,0x00000000ef000000,0x00000000f0a00000)
 ParOldGen       total 169472K, used 80902K [0x00000000b9a00000, 0x00000000c3f80000, 0x00000000e8900000)
  object space 169472K, 47% used [0x00000000b9a00000,0x00000000be901840,0x00000000c3f80000)
 Metaspace       used 21792K, capacity 22074K, committed 22528K, reserved 1069056K
  class space    used 2890K, capacity 2968K, committed 3072K, reserved 1048576K
Event: 4.118 GC heap after
Heap after GC invocations=12 (full 2):
 PSYoungGen      total 104448K, used 19285K [0x00000000e8900000, 0x00000000f0e80000, 0x0000000100000000)
  eden space 77824K, 0% used [0x00000000e8900000,0x00000000e8900000,0x00000000ed500000)
  from space 26624K, 72% used [0x00000000ef000000,0x00000000f02d57c0,0x00000000f0a00000)
  to   space 27648K, 0% used [0x00000000ed500000,0x00000000ed500000,0x00000000ef000000)
 ParOldGen       total 169472K, used 80902K [0x00000000b9a00000, 0x00000000c3f80000, 0x00000000e8900000)
  object space 169472K, 47% used [0x00000000b9a00000,0x00000000be901840,0x00000000c3f80000)
 Metaspace       used 21792K, capacity 22074K, committed 22528K, reserved 1069056K
  class space    used 2890K, capacity 2968K, committed 3072K, reserved 1048576K
}
Event: 4.136 GC heap before
{Heap before GC invocations=13 (full 2):
 PSYoungGen      total 104448K, used 97109K [0x00000000e8900000, 0x00000000f0e80000, 0x0000000100000000)
  eden space 77824K, 100% used [0x00000000e8900000,0x00000000ed500000,0x00000000ed500000)
  from space 26624K, 72% used [0x00000000ef000000,0x00000000f02d57c0,0x00000000f0a00000)
  to   space 27648K, 0% used [0x00000000ed500000,0x00000000ed500000,0x00000000ef000000)
 ParOldGen       total 169472K, used 80902K [0x00000000b9a00000, 0x00000000c3f80000, 0x00000000e8900000)
  object space 169472K, 47% used [0x00000000b9a00000,0x00000000be901840,0x00000000c3f80000)
 Metaspace       used 21792K, capacity 22074K, committed 22528K, reserved 1069056K
  class space    used 2890K, capacity 2968K, committed 3072K, reserved 1048576K
Event: 4.147 GC heap after
Heap after GC invocations=13 (full 2):
 PSYoungGen      total 105472K, used 20582K [0x00000000e8900000, 0x00000000f2180000, 0x0000000100000000)
  eden space 77824K, 0% used [0x00000000e8900000,0x00000000e8900000,0x00000000ed500000)
  from space 27648K, 74% used [0x00000000ed500000,0x00000000ee919998,0x00000000ef000000)
  to   space 28672K, 0% used [0x00000000f0580000,0x00000000f0580000,0x00000000f2180000)
 ParOldGen       total 169472K, used 80902K [0x00000000b9a00000, 0x00000000c3f80000, 0x00000000e8900000)
  object space 169472K, 47% used [0x00000000b9a00000,0x00000000be901840,0x00000000c3f80000)
 Metaspace       used 21792K, capacity 22074K, committed 22528K, reserved 1069056K
  class space    used 2890K, capacity 2968K, committed 3072K, reserved 1048576K
}

