# JRE version: Java(TM) SE Runtime Environment (8.0_201-b09) (build 1.8.0_201-b09)
# Java VM: Java HotSpot(TM) 64-Bit Server VM (25.201-b09 mixed mode windows-amd64 compressed oops)
Heap:
 PSYoungGen      total 419328K, used 131330K [0x00000000e4780000, 0x0000000100000000, 0x0000000100000000)
  eden space 388608K, 33% used [0x00000000e4780000,0x00000000ec7c09d0,0x00000000fc300000)
  from space 30720K, 0% used [0x00000000fc300000,0x00000000fc300000,0x00000000fe100000)
  to   space 31744K, 0% used [0x00000000fe100000,0x00000000fe100000,0x0000000100000000)
 ParOldGen       total 240640K, used 240159K [0x00000000ad600000, 0x00000000bc100000, 0x00000000e4780000)
  object space 240640K, 99% used [0x00000000ad600000,0x00000000bc087eb8,0x00000000bc100000)
 Metaspace       used 35967K, capacity 37290K, committed 37632K, reserved 1081344K
  class space    used 4809K, capacity 5034K, committed 5120K, reserved 1048576K
GC Heap History (10 events):
Event: 7.293 GC heap before
{Heap before GC invocations=38 (full 4):
 PSYoungGen      total 412160K, used 389604K [0x00000000e4780000, 0x00000000ffe80000, 0x0000000100000000)
  eden space 380416K, 100% used [0x00000000e4780000,0x00000000fbb00000,0x00000000fbb00000)
  from space 31744K, 28% used [0x00000000fbb00000,0x00000000fc3f9278,0x00000000fda00000)
  to   space 30208K, 0% used [0x00000000fe100000,0x00000000fe100000,0x00000000ffe80000)
 ParOldGen       total 240640K, used 174423K [0x00000000ad600000, 0x00000000bc100000, 0x00000000e4780000)
  object space 240640K, 72% used [0x00000000ad600000,0x00000000b8055e18,0x00000000bc100000)
 Metaspace       used 24904K, capacity 25236K, committed 25728K, reserved 1071104K
  class space    used 3247K, capacity 3361K, committed 3456K, reserved 1048576K
Event: 7.313 GC heap after
Heap after GC invocations=38 (full 4):
 PSYoungGen      total 418816K, used 17819K [0x00000000e4780000, 0x00000000fff80000, 0x0000000100000000)
  eden space 388608K, 0% used [0x00000000e4780000,0x00000000e4780000,0x00000000fc300000)
  from space 30208K, 58% used [0x00000000fe100000,0x00000000ff266e20,0x00000000ffe80000)
  to   space 30720K, 0% used [0x00000000fc300000,0x00000000fc300000,0x00000000fe100000)
 ParOldGen       total 240640K, used 174423K [0x00000000ad600000, 0x00000000bc100000, 0x00000000e4780000)
  object space 240640K, 72% used [0x00000000ad600000,0x00000000b8055e18,0x00000000bc100000)
 Metaspace       used 24904K, capacity 25236K, committed 25728K, reserved 1071104K
  class space    used 3247K, capacity 3361K, committed 3456K, reserved 1048576K
}
Event: 10.311 GC heap before
{Heap before GC invocations=39 (full 4):
 PSYoungGen      total 418816K, used 406427K [0x00000000e4780000, 0x00000000fff80000, 0x0000000100000000)
  eden space 388608K, 100% used [0x00000000e4780000,0x00000000fc300000,0x00000000fc300000)
  from space 30208K, 58% used [0x00000000fe100000,0x00000000ff266e20,0x00000000ffe80000)
  to   space 30720K, 0% used [0x00000000fc300000,0x00000000fc300000,0x00000000fe100000)
 ParOldGen       total 240640K, used 174423K [0x00000000ad600000, 0x00000000bc100000, 0x00000000e4780000)
  object space 240640K, 72% used [0x00000000ad600000,0x00000000b8055e18,0x00000000bc100000)
 Metaspace       used 33937K, capacity 35206K, committed 35456K, reserved 1079296K
  class space    used 4711K, capacity 4926K, committed 4992K, reserved 1048576K
Event: 10.373 GC heap after
Heap after GC invocations=39 (full 4):
 PSYoungGen      total 419328K, used 30709K [0x00000000e4780000, 0x0000000100000000, 0x0000000100000000)
  eden space 388608K, 0% used [0x00000000e4780000,0x00000000e4780000,0x00000000fc300000)
  from space 30720K, 99% used [0x00000000fc300000,0x00000000fe0fd460,0x00000000fe100000)
  to   space 31744K, 0% used [0x00000000fe100000,0x00000000fe100000,0x0000000100000000)
 ParOldGen       total 240640K, used 233429K [0x00000000ad600000, 0x00000000bc100000, 0x00000000e4780000)
  object space 240640K, 97% used [0x00000000ad600000,0x00000000bb9f5540,0x00000000bc100000)
 Metaspace       used 33937K, capacity 35206K, committed 35456K, reserved 1079296K
  class space    used 4711K, capacity 4926K, committed 4992K, reserved 1048576K
}
Event: 10.373 GC heap before
{Heap before GC invocations=40 (full 5):
 PSYoungGen      total 419328K, used 30709K [0x00000000e4780000, 0x0000000100000000, 0x0000000100000000)
  eden space 388608K, 0% used [0x00000000e4780000,0x00000000e4780000,0x00000000fc300000)
  from space 30720K, 99% used [0x00000000fc300000,0x00000000fe0fd460,0x00000000fe100000)
  to   space 31744K, 0% used [0x00000000fe100000,0x00000000fe100000,0x0000000100000000)
 ParOldGen       total 240640K, used 233429K [0x00000000ad600000, 0x00000000bc100000, 0x00000000e4780000)
  object space 240640K, 97% used [0x00000000ad600000,0x00000000bb9f5540,0x00000000bc100000)
 Metaspace       used 33937K, capacity 35206K, committed 35456K, reserved 1079296K
  class space    used 4711K, capacity 4926K, committed 4992K, reserved 1048576K
Event: 10.815 GC heap after
Heap after GC invocations=40 (full 5):
 PSYoungGen      total 419328K, used 0K [0x00000000e4780000, 0x0000000100000000, 0x0000000100000000)
  eden space 388608K, 0% used [0x00000000e4780000,0x00000000e4780000,0x00000000fc300000)
  from space 30720K, 0% used [0x00000000fc300000,0x00000000fc300000,0x00000000fe100000)
  to   space 31744K, 0% used [0x00000000fe100000,0x00000000fe100000,0x0000000100000000)
 ParOldGen       total 240640K, used 220402K [0x00000000ad600000, 0x00000000bc100000, 0x00000000e4780000)
  object space 240640K, 91% used [0x00000000ad600000,0x00000000bad3ca08,0x00000000bc100000)
 Metaspace       used 33937K, capacity 35206K, committed 35456K, reserved 1079296K
  class space    used 4711K, capacity 4926K, committed 4992K, reserved 1048576K
}
Event: 146.834 GC heap before
{Heap before GC invocations=41 (full 6):
 PSYoungGen      total 419328K, used 388031K [0x00000000e4780000, 0x0000000100000000, 0x0000000100000000)
  eden space 388608K, 99% used [0x00000000e4780000,0x00000000fc26fd10,0x00000000fc300000)
  from space 30720K, 0% used [0x00000000fc300000,0x00000000fc300000,0x00000000fe100000)
  to   space 31744K, 0% used [0x00000000fe100000,0x00000000fe100000,0x0000000100000000)
 ParOldGen       total 240640K, used 221168K [0x00000000ad600000, 0x00000000bc100000, 0x00000000e4780000)
  object space 240640K, 91% used [0x00000000ad600000,0x00000000badfc1d8,0x00000000bc100000)
 Metaspace       used 35563K, capacity 36810K, committed 37120K, reserved 1081344K
  class space    used 4787K, capacity 5002K, committed 5120K, reserved 1048576K
Event: 147.443 GC heap after
Heap after GC invocations=41 (full 6):
 PSYoungGen      total 419328K, used 9858K [0x00000000e4780000, 0x0000000100000000, 0x0000000100000000)
  eden space 388608K, 2% used [0x00000000e4780000,0x00000000e5120bf8,0x00000000fc300000)
  from space 30720K, 0% used [0x00000000fc300000,0x00000000fc300000,0x00000000fe100000)
  to   space 31744K, 0% used [0x00000000fe100000,0x00000000fe100000,0x0000000100000000)
 ParOldGen       total 240640K, used 240416K [0x00000000ad600000, 0x00000000bc100000, 0x00000000e4780000)
  object space 240640K, 99% used [0x00000000ad600000,0x00000000bc0c8310,0x00000000bc100000)
 Metaspace       used 35563K, capacity 36810K, committed 37120K, reserved 1081344K
  class space    used 4787K, capacity 5002K, committed 5120K, reserved 1048576K
}
Event: 531.427 GC heap before
{Heap before GC invocations=42 (full 7):
 PSYoungGen      total 419328K, used 388608K [0x00000000e4780000, 0x0000000100000000, 0x0000000100000000)
  eden space 388608K, 100% used [0x00000000e4780000,0x00000000fc300000,0x00000000fc300000)
  from space 30720K, 0% used [0x00000000fc300000,0x00000000fc300000,0x00000000fe100000)
  to   space 31744K, 0% used [0x00000000fe100000,0x00000000fe100000,0x0000000100000000)
 ParOldGen       total 240640K, used 240557K [0x00000000ad600000, 0x00000000bc100000, 0x00000000e4780000)
  object space 240640K, 99% used [0x00000000ad600000,0x00000000bc0eb608,0x00000000bc100000)
 Metaspace       used 35917K, capacity 37162K, committed 37376K, reserved 1081344K
  class space    used 4809K, capacity 5034K, committed 5120K, reserved 1048576K
Event: 532.160 GC heap after
Heap after GC invocations=42 (full 7):
 PSYoungGen      total 419328K, used 23271K [0x00000000e4780000, 0x0000000100000000, 0x0000000100000000)
  eden space 388608K, 5% used [0x00000000e4780000,0x00000000e5e39ca8,0x00000000fc300000)
  from space 30720K, 0% used [0x00000000fc300000,0x00000000fc300000,0x00000000fe100000)
  to   space 31744K, 0% used [0x00000000fe100000,0x00000000fe100000,0x0000000100000000)
 ParOldGen       total 240640K, used 240159K [0x00000000ad600000, 0x00000000bc100000, 0x00000000e4780000)
  object space 240640K, 99% used [0x00000000ad600000,0x00000000bc087eb8,0x00000000bc100000)
 Metaspace       used 35917K, capacity 37162K, committed 37376K, reserved 1081344K
  class space    used 4809K, capacity 5034K, committed 5120K, reserved 1048576K
}

