# JRE version: Java(TM) SE Runtime Environment (8.0_191-b12) (build 1.8.0_191-b12)
# Java VM: Java HotSpot(TM) 64-Bit Server VM (25.191-b12 mixed mode windows-amd64 compressed oops)
Heap:
 PSYoungGen      total 270848K, used 167296K [0x00000000e4a00000, 0x00000000f7080000, 0x0000000100000000)
  eden space 240128K, 69% used [0x00000000e4a00000,0x00000000eed603d8,0x00000000f3480000)
  from space 30720K, 0% used [0x00000000f3480000,0x00000000f3480000,0x00000000f5280000)
  to   space 27648K, 0% used [0x00000000f5580000,0x00000000f5580000,0x00000000f7080000)
 ParOldGen       total 164352K, used 164351K [0x00000000ade00000, 0x00000000b7e80000, 0x00000000e4a00000)
  object space 164352K, 99% used [0x00000000ade00000,0x00000000b7e7fe00,0x00000000b7e80000)
 Metaspace       used 30166K, capacity 31196K, committed 31360K, reserved 1077248K
  class space    used 4277K, capacity 4457K, committed 4480K, reserved 1048576K
GC Heap History (10 events):
Event: 4.776 GC heap before
{Heap before GC invocations=30 (full 7):
 PSYoungGen      total 270848K, used 240128K [0x00000000e4a00000, 0x00000000f7080000, 0x0000000100000000)
  eden space 240128K, 100% used [0x00000000e4a00000,0x00000000f3480000,0x00000000f3480000)
  from space 30720K, 0% used [0x00000000f3480000,0x00000000f3480000,0x00000000f5280000)
  to   space 27648K, 0% used [0x00000000f5580000,0x00000000f5580000,0x00000000f7080000)
 ParOldGen       total 164352K, used 164295K [0x00000000ade00000, 0x00000000b7e80000, 0x00000000e4a00000)
  object space 164352K, 99% used [0x00000000ade00000,0x00000000b7e71f78,0x00000000b7e80000)
 Metaspace       used 21792K, capacity 22074K, committed 22528K, reserved 1069056K
  class space    used 2897K, capacity 2968K, committed 3072K, reserved 1048576K
Event: 5.045 GC heap after
Heap after GC invocations=30 (full 7):
 PSYoungGen      total 270848K, used 8381K [0x00000000e4a00000, 0x00000000f7080000, 0x0000000100000000)
  eden space 240128K, 3% used [0x00000000e4a00000,0x00000000e522f4a0,0x00000000f3480000)
  from space 30720K, 0% used [0x00000000f3480000,0x00000000f3480000,0x00000000f5280000)
  to   space 27648K, 0% used [0x00000000f5580000,0x00000000f5580000,0x00000000f7080000)
 ParOldGen       total 164352K, used 164225K [0x00000000ade00000, 0x00000000b7e80000, 0x00000000e4a00000)
  object space 164352K, 99% used [0x00000000ade00000,0x00000000b7e60780,0x00000000b7e80000)
 Metaspace       used 21792K, capacity 22074K, committed 22528K, reserved 1069056K
  class space    used 2897K, capacity 2968K, committed 3072K, reserved 1048576K
}
Event: 5.082 GC heap before
{Heap before GC invocations=31 (full 8):
 PSYoungGen      total 270848K, used 240128K [0x00000000e4a00000, 0x00000000f7080000, 0x0000000100000000)
  eden space 240128K, 100% used [0x00000000e4a00000,0x00000000f3480000,0x00000000f3480000)
  from space 30720K, 0% used [0x00000000f3480000,0x00000000f3480000,0x00000000f5280000)
  to   space 27648K, 0% used [0x00000000f5580000,0x00000000f5580000,0x00000000f7080000)
 ParOldGen       total 164352K, used 164225K [0x00000000ade00000, 0x00000000b7e80000, 0x00000000e4a00000)
  object space 164352K, 99% used [0x00000000ade00000,0x00000000b7e60780,0x00000000b7e80000)
 Metaspace       used 21792K, capacity 22074K, committed 22528K, reserved 1069056K
  class space    used 2897K, capacity 2968K, committed 3072K, reserved 1048576K
Event: 5.368 GC heap after
Heap after GC invocations=31 (full 8):
 PSYoungGen      total 270848K, used 14109K [0x00000000e4a00000, 0x00000000f7080000, 0x0000000100000000)
  eden space 240128K, 5% used [0x00000000e4a00000,0x00000000e57c77a0,0x00000000f3480000)
  from space 30720K, 0% used [0x00000000f3480000,0x00000000f3480000,0x00000000f5280000)
  to   space 27648K, 0% used [0x00000000f5580000,0x00000000f5580000,0x00000000f7080000)
 ParOldGen       total 164352K, used 164144K [0x00000000ade00000, 0x00000000b7e80000, 0x00000000e4a00000)
  object space 164352K, 99% used [0x00000000ade00000,0x00000000b7e4c238,0x00000000b7e80000)
 Metaspace       used 21792K, capacity 22074K, committed 22528K, reserved 1069056K
  class space    used 2897K, capacity 2968K, committed 3072K, reserved 1048576K
}
Event: 5.400 GC heap before
{Heap before GC invocations=32 (full 9):
 PSYoungGen      total 270848K, used 240128K [0x00000000e4a00000, 0x00000000f7080000, 0x0000000100000000)
  eden space 240128K, 100% used [0x00000000e4a00000,0x00000000f3480000,0x00000000f3480000)
  from space 30720K, 0% used [0x00000000f3480000,0x00000000f3480000,0x00000000f5280000)
  to   space 27648K, 0% used [0x00000000f5580000,0x00000000f5580000,0x00000000f7080000)
 ParOldGen       total 164352K, used 164144K [0x00000000ade00000, 0x00000000b7e80000, 0x00000000e4a00000)
  object space 164352K, 99% used [0x00000000ade00000,0x00000000b7e4c238,0x00000000b7e80000)
 Metaspace       used 21792K, capacity 22074K, committed 22528K, reserved 1069056K
  class space    used 2897K, capacity 2968K, committed 3072K, reserved 1048576K
Event: 5.670 GC heap after
Heap after GC invocations=32 (full 9):
 PSYoungGen      total 270848K, used 19099K [0x00000000e4a00000, 0x00000000f7080000, 0x0000000100000000)
  eden space 240128K, 7% used [0x00000000e4a00000,0x00000000e5ca6ea0,0x00000000f3480000)
  from space 30720K, 0% used [0x00000000f3480000,0x00000000f3480000,0x00000000f5280000)
  to   space 27648K, 0% used [0x00000000f5580000,0x00000000f5580000,0x00000000f7080000)
 ParOldGen       total 164352K, used 164099K [0x00000000ade00000, 0x00000000b7e80000, 0x00000000e4a00000)
  object space 164352K, 99% used [0x00000000ade00000,0x00000000b7e40c68,0x00000000b7e80000)
 Metaspace       used 21792K, capacity 22074K, committed 22528K, reserved 1069056K
  class space    used 2897K, capacity 2968K, committed 3072K, reserved 1048576K
}
Event: 5.702 GC heap before
{Heap before GC invocations=33 (full 10):
 PSYoungGen      total 270848K, used 240128K [0x00000000e4a00000, 0x00000000f7080000, 0x0000000100000000)
  eden space 240128K, 100% used [0x00000000e4a00000,0x00000000f3480000,0x00000000f3480000)
  from space 30720K, 0% used [0x00000000f3480000,0x00000000f3480000,0x00000000f5280000)
  to   space 27648K, 0% used [0x00000000f5580000,0x00000000f5580000,0x00000000f7080000)
 ParOldGen       total 164352K, used 164099K [0x00000000ade00000, 0x00000000b7e80000, 0x00000000e4a00000)
  object space 164352K, 99% used [0x00000000ade00000,0x00000000b7e40c68,0x00000000b7e80000)
 Metaspace       used 21792K, capacity 22074K, committed 22528K, reserved 1069056K
  class space    used 2897K, capacity 2968K, committed 3072K, reserved 1048576K
Event: 5.951 GC heap after
Heap after GC invocations=33 (full 10):
 PSYoungGen      total 270848K, used 24251K [0x00000000e4a00000, 0x00000000f7080000, 0x0000000100000000)
  eden space 240128K, 10% used [0x00000000e4a00000,0x00000000e61aefb8,0x00000000f3480000)
  from space 30720K, 0% used [0x00000000f3480000,0x00000000f3480000,0x00000000f5280000)
  to   space 27648K, 0% used [0x00000000f5580000,0x00000000f5580000,0x00000000f7080000)
 ParOldGen       total 164352K, used 164026K [0x00000000ade00000, 0x00000000b7e80000, 0x00000000e4a00000)
  object space 164352K, 99% used [0x00000000ade00000,0x00000000b7e2e800,0x00000000b7e80000)
 Metaspace       used 21792K, capacity 22074K, committed 22528K, reserved 1069056K
  class space    used 2897K, capacity 2968K, committed 3072K, reserved 1048576K
}
Event: 6.100 GC heap before
{Heap before GC invocations=34 (full 11):
 PSYoungGen      total 270848K, used 240128K [0x00000000e4a00000, 0x00000000f7080000, 0x0000000100000000)
  eden space 240128K, 100% used [0x00000000e4a00000,0x00000000f3480000,0x00000000f3480000)
  from space 30720K, 0% used [0x00000000f3480000,0x00000000f3480000,0x00000000f5280000)
  to   space 27648K, 0% used [0x00000000f5580000,0x00000000f5580000,0x00000000f7080000)
 ParOldGen       total 164352K, used 164026K [0x00000000ade00000, 0x00000000b7e80000, 0x00000000e4a00000)
  object space 164352K, 99% used [0x00000000ade00000,0x00000000b7e2e800,0x00000000b7e80000)
 Metaspace       used 21798K, capacity 22074K, committed 22528K, reserved 1069056K
  class space    used 2897K, capacity 2968K, committed 3072K, reserved 1048576K
Event: 6.363 GC heap after
Heap after GC invocations=34 (full 11):
 PSYoungGen      total 270848K, used 1922K [0x00000000e4a00000, 0x00000000f7080000, 0x0000000100000000)
  eden space 240128K, 0% used [0x00000000e4a00000,0x00000000e4be09c8,0x00000000f3480000)
  from space 30720K, 0% used [0x00000000f3480000,0x00000000f3480000,0x00000000f5280000)
  to   space 27648K, 0% used [0x00000000f5580000,0x00000000f5580000,0x00000000f7080000)
 ParOldGen       total 164352K, used 164351K [0x00000000ade00000, 0x00000000b7e80000, 0x00000000e4a00000)
  object space 164352K, 99% used [0x00000000ade00000,0x00000000b7e7fe00,0x00000000b7e80000)
 Metaspace       used 21798K, capacity 22074K, committed 22528K, reserved 1069056K
  class space    used 2897K, capacity 2968K, committed 3072K, reserved 1048576K
}

