# JRE version: Java(TM) SE Runtime Environment (8.0_111-b14) (build 1.8.0_111-b14)
# Java VM: Java HotSpot(TM) 64-Bit Server VM (25.111-b14 mixed mode windows-amd64 compressed oops)
Heap:
 def new generation   total 9792K, used 0K [0x00000000f8200000, 0x00000000f8ca0000, 0x00000000fac00000)
  eden space 8704K,   0% used [0x00000000f8200000, 0x00000000f8200000, 0x00000000f8a80000)
  from space 1088K,   0% used [0x00000000f8b90000, 0x00000000f8b90000, 0x00000000f8ca0000)
  to   space 1088K,   0% used [0x00000000f8a80000, 0x00000000f8a80000, 0x00000000f8b90000)
 tenured generation   total 21888K, used 6001K [0x00000000fac00000, 0x00000000fc160000, 0x0000000100000000)
   the space 21888K,  27% used [0x00000000fac00000, 0x00000000fb1dc5d0, 0x00000000fb1dc600, 0x00000000fc160000)
 Metaspace       used 17880K, capacity 18136K, committed 18304K, reserved 1071104K
  class space    used 2317K, capacity 2407K, committed 2432K, reserved 1048576K
GC Heap History (6 events):
Event: 1.311 GC heap before
{Heap before GC invocations=0 (full 0):
 def new generation   total 9792K, used 8704K [0x00000000f8200000, 0x00000000f8ca0000, 0x00000000fac00000)
  eden space 8704K, 100% used [0x00000000f8200000, 0x00000000f8a80000, 0x00000000f8a80000)
  from space 1088K,   0% used [0x00000000f8a80000, 0x00000000f8a80000, 0x00000000f8b90000)
  to   space 1088K,   0% used [0x00000000f8b90000, 0x00000000f8b90000, 0x00000000f8ca0000)
 tenured generation   total 21888K, used 0K [0x00000000fac00000, 0x00000000fc160000, 0x0000000100000000)
   the space 21888K,   0% used [0x00000000fac00000, 0x00000000fac00000, 0x00000000fac00200, 0x00000000fc160000)
 Metaspace       used 8269K, capacity 8470K, committed 8704K, reserved 1056768K
  class space    used 948K, capacity 1001K, committed 1024K, reserved 1048576K
Event: 1.316 GC heap after
Heap after GC invocations=1 (full 0):
 def new generation   total 9792K, used 1087K [0x00000000f8200000, 0x00000000f8ca0000, 0x00000000fac00000)
  eden space 8704K,   0% used [0x00000000f8200000, 0x00000000f8200000, 0x00000000f8a80000)
  from space 1088K,  99% used [0x00000000f8b90000, 0x00000000f8c9fff8, 0x00000000f8ca0000)
  to   space 1088K,   0% used [0x00000000f8a80000, 0x00000000f8a80000, 0x00000000f8b90000)
 tenured generation   total 21888K, used 1063K [0x00000000fac00000, 0x00000000fc160000, 0x0000000100000000)
   the space 21888K,   4% used [0x00000000fac00000, 0x00000000fad09f58, 0x00000000fad0a000, 0x00000000fc160000)
 Metaspace       used 8269K, capacity 8470K, committed 8704K, reserved 1056768K
  class space    used 948K, capacity 1001K, committed 1024K, reserved 1048576K
}
Event: 2.052 GC heap before
{Heap before GC invocations=1 (full 0):
 def new generation   total 9792K, used 9791K [0x00000000f8200000, 0x00000000f8ca0000, 0x00000000fac00000)
  eden space 8704K, 100% used [0x00000000f8200000, 0x00000000f8a80000, 0x00000000f8a80000)
  from space 1088K,  99% used [0x00000000f8b90000, 0x00000000f8c9fff8, 0x00000000f8ca0000)
  to   space 1088K,   0% used [0x00000000f8a80000, 0x00000000f8a80000, 0x00000000f8b90000)
 tenured generation   total 21888K, used 1063K [0x00000000fac00000, 0x00000000fc160000, 0x0000000100000000)
   the space 21888K,   4% used [0x00000000fac00000, 0x00000000fad09f58, 0x00000000fad0a000, 0x00000000fc160000)
 Metaspace       used 13111K, capacity 13360K, committed 13568K, reserved 1060864K
  class space    used 1614K, capacity 1695K, committed 1792K, reserved 1048576K
Event: 2.060 GC heap after
Heap after GC invocations=2 (full 0):
 def new generation   total 9792K, used 1088K [0x00000000f8200000, 0x00000000f8ca0000, 0x00000000fac00000)
  eden space 8704K,   0% used [0x00000000f8200000, 0x00000000f8200000, 0x00000000f8a80000)
  from space 1088K, 100% used [0x00000000f8a80000, 0x00000000f8b90000, 0x00000000f8b90000)
  to   space 1088K,   0% used [0x00000000f8b90000, 0x00000000f8b90000, 0x00000000f8ca0000)
 tenured generation   total 21888K, used 3169K [0x00000000fac00000, 0x00000000fc160000, 0x0000000100000000)
   the space 21888K,  14% used [0x00000000fac00000, 0x00000000faf184b0, 0x00000000faf18600, 0x00000000fc160000)
 Metaspace       used 13111K, capacity 13360K, committed 13568K, reserved 1060864K
  class space    used 1614K, capacity 1695K, committed 1792K, reserved 1048576K
}
Event: 2.731 GC heap before
{Heap before GC invocations=2 (full 0):
 def new generation   total 9792K, used 9792K [0x00000000f8200000, 0x00000000f8ca0000, 0x00000000fac00000)
  eden space 8704K, 100% used [0x00000000f8200000, 0x00000000f8a80000, 0x00000000f8a80000)
  from space 1088K, 100% used [0x00000000f8a80000, 0x00000000f8b90000, 0x00000000f8b90000)
  to   space 1088K,   0% used [0x00000000f8b90000, 0x00000000f8b90000, 0x00000000f8ca0000)
 tenured generation   total 21888K, used 3169K [0x00000000fac00000, 0x00000000fc160000, 0x0000000100000000)
   the space 21888K,  14% used [0x00000000fac00000, 0x00000000faf184b0, 0x00000000faf18600, 0x00000000fc160000)
 Metaspace       used 16620K, capacity 16796K, committed 17152K, reserved 1064960K
  class space    used 2175K, capacity 2241K, committed 2304K, reserved 1048576K
Event: 2.738 GC heap after
Heap after GC invocations=3 (full 0):
 def new generation   total 9792K, used 1088K [0x00000000f8200000, 0x00000000f8ca0000, 0x00000000fac00000)
  eden space 8704K,   0% used [0x00000000f8200000, 0x00000000f8200000, 0x00000000f8a80000)
  from space 1088K, 100% used [0x00000000f8b90000, 0x00000000f8ca0000, 0x00000000f8ca0000)
  to   space 1088K,   0% used [0x00000000f8a80000, 0x00000000f8a80000, 0x00000000f8b90000)
 tenured generation   total 21888K, used 4992K [0x00000000fac00000, 0x00000000fc160000, 0x0000000100000000)
   the space 21888K,  22% used [0x00000000fac00000, 0x00000000fb0e0398, 0x00000000fb0e0400, 0x00000000fc160000)
 Metaspace       used 16620K, capacity 16796K, committed 17152K, reserved 1064960K
  class space    used 2175K, capacity 2241K, committed 2304K, reserved 1048576K
}

