# JRE version: Java(TM) SE Runtime Environment (8.0_191-b12) (build 1.8.0_191-b12)
# Java VM: Java HotSpot(TM) 64-Bit Server VM (25.191-b12 mixed mode windows-amd64 compressed oops)
Heap:
 PSYoungGen      total 39936K, used 34640K [0x00000000e3a00000, 0x00000000ede00000, 0x0000000100000000)
  eden space 35840K, 85% used [0x00000000e3a00000,0x00000000e57dc218,0x00000000e5d00000)
  from space 4096K, 99% used [0x00000000e5d00000,0x00000000e60f8010,0x00000000e6100000)
  to   space 58368K, 0% used [0x00000000ea500000,0x00000000ea500000,0x00000000ede00000)
 ParOldGen       total 175104K, used 93962K [0x00000000aae00000, 0x00000000b5900000, 0x00000000e3a00000)
  object space 175104K, 53% used [0x00000000aae00000,0x00000000b09c2be8,0x00000000b5900000)
 Metaspace       used 24246K, capacity 24566K, committed 24832K, reserved 1071104K
  class space    used 3179K, capacity 3304K, committed 3328K, reserved 1048576K
GC Heap History (10 events):
Event: 2.018 GC heap before
{Heap before GC invocations=7 (full 2):
 PSYoungGen      total 39936K, used 35840K [0x00000000e3a00000, 0x00000000e6c00000, 0x0000000100000000)
  eden space 35840K, 100% used [0x00000000e3a00000,0x00000000e5d00000,0x00000000e5d00000)
  from space 4096K, 0% used [0x00000000e6100000,0x00000000e6100000,0x00000000e6500000)
  to   space 4096K, 0% used [0x00000000e5d00000,0x00000000e5d00000,0x00000000e6100000)
 ParOldGen       total 175104K, used 42595K [0x00000000aae00000, 0x00000000b5900000, 0x00000000e3a00000)
  object space 175104K, 24% used [0x00000000aae00000,0x00000000ad798da8,0x00000000b5900000)
 Metaspace       used 23284K, capacity 23606K, committed 23936K, reserved 1071104K
  class space    used 3001K, capacity 3112K, committed 3200K, reserved 1048576K
Event: 2.032 GC heap after
Heap after GC invocations=7 (full 2):
 PSYoungGen      total 39936K, used 4064K [0x00000000e3a00000, 0x00000000e6c00000, 0x0000000100000000)
  eden space 35840K, 0% used [0x00000000e3a00000,0x00000000e3a00000,0x00000000e5d00000)
  from space 4096K, 99% used [0x00000000e5d00000,0x00000000e60f8010,0x00000000e6100000)
  to   space 4096K, 0% used [0x00000000e6100000,0x00000000e6100000,0x00000000e6500000)
 ParOldGen       total 175104K, used 56808K [0x00000000aae00000, 0x00000000b5900000, 0x00000000e3a00000)
  object space 175104K, 32% used [0x00000000aae00000,0x00000000ae57a270,0x00000000b5900000)
 Metaspace       used 23284K, capacity 23606K, committed 23936K, reserved 1071104K
  class space    used 3001K, capacity 3112K, committed 3200K, reserved 1048576K
}
Event: 2.223 GC heap before
{Heap before GC invocations=8 (full 2):
 PSYoungGen      total 39936K, used 39904K [0x00000000e3a00000, 0x00000000e6c00000, 0x0000000100000000)
  eden space 35840K, 100% used [0x00000000e3a00000,0x00000000e5d00000,0x00000000e5d00000)
  from space 4096K, 99% used [0x00000000e5d00000,0x00000000e60f8010,0x00000000e6100000)
  to   space 4096K, 0% used [0x00000000e6100000,0x00000000e6100000,0x00000000e6500000)
 ParOldGen       total 175104K, used 56808K [0x00000000aae00000, 0x00000000b5900000, 0x00000000e3a00000)
  object space 175104K, 32% used [0x00000000aae00000,0x00000000ae57a270,0x00000000b5900000)
 Metaspace       used 24181K, capacity 24502K, committed 24832K, reserved 1071104K
  class space    used 3173K, capacity 3304K, committed 3328K, reserved 1048576K
Event: 2.237 GC heap after
Heap after GC invocations=8 (full 2):
 PSYoungGen      total 39936K, used 4065K [0x00000000e3a00000, 0x00000000e6c00000, 0x0000000100000000)
  eden space 35840K, 0% used [0x00000000e3a00000,0x00000000e3a00000,0x00000000e5d00000)
  from space 4096K, 99% used [0x00000000e6100000,0x00000000e64f84e0,0x00000000e6500000)
  to   space 4096K, 0% used [0x00000000e5d00000,0x00000000e5d00000,0x00000000e6100000)
 ParOldGen       total 175104K, used 80308K [0x00000000aae00000, 0x00000000b5900000, 0x00000000e3a00000)
  object space 175104K, 45% used [0x00000000aae00000,0x00000000afc6d088,0x00000000b5900000)
 Metaspace       used 24181K, capacity 24502K, committed 24832K, reserved 1071104K
  class space    used 3173K, capacity 3304K, committed 3328K, reserved 1048576K
}
Event: 2.273 GC heap before
{Heap before GC invocations=9 (full 2):
 PSYoungGen      total 39936K, used 39905K [0x00000000e3a00000, 0x00000000e6c00000, 0x0000000100000000)
  eden space 35840K, 100% used [0x00000000e3a00000,0x00000000e5d00000,0x00000000e5d00000)
  from space 4096K, 99% used [0x00000000e6100000,0x00000000e64f84e0,0x00000000e6500000)
  to   space 4096K, 0% used [0x00000000e5d00000,0x00000000e5d00000,0x00000000e6100000)
 ParOldGen       total 175104K, used 80308K [0x00000000aae00000, 0x00000000b5900000, 0x00000000e3a00000)
  object space 175104K, 45% used [0x00000000aae00000,0x00000000afc6d088,0x00000000b5900000)
 Metaspace       used 24206K, capacity 24566K, committed 24832K, reserved 1071104K
  class space    used 3173K, capacity 3304K, committed 3328K, reserved 1048576K
Event: 2.279 GC heap after
Heap after GC invocations=9 (full 2):
 PSYoungGen      total 39936K, used 4065K [0x00000000e3a00000, 0x00000000e6c00000, 0x0000000100000000)
  eden space 35840K, 0% used [0x00000000e3a00000,0x00000000e3a00000,0x00000000e5d00000)
  from space 4096K, 99% used [0x00000000e5d00000,0x00000000e60f84e0,0x00000000e6100000)
  to   space 4096K, 0% used [0x00000000e6100000,0x00000000e6100000,0x00000000e6500000)
 ParOldGen       total 175104K, used 85876K [0x00000000aae00000, 0x00000000b5900000, 0x00000000e3a00000)
  object space 175104K, 49% used [0x00000000aae00000,0x00000000b01dd0b8,0x00000000b5900000)
 Metaspace       used 24206K, capacity 24566K, committed 24832K, reserved 1071104K
  class space    used 3173K, capacity 3304K, committed 3328K, reserved 1048576K
}
Event: 2.302 GC heap before
{Heap before GC invocations=10 (full 2):
 PSYoungGen      total 39936K, used 39905K [0x00000000e3a00000, 0x00000000e6c00000, 0x0000000100000000)
  eden space 35840K, 100% used [0x00000000e3a00000,0x00000000e5d00000,0x00000000e5d00000)
  from space 4096K, 99% used [0x00000000e5d00000,0x00000000e60f84e0,0x00000000e6100000)
  to   space 4096K, 0% used [0x00000000e6100000,0x00000000e6100000,0x00000000e6500000)
 ParOldGen       total 175104K, used 85876K [0x00000000aae00000, 0x00000000b5900000, 0x00000000e3a00000)
  object space 175104K, 49% used [0x00000000aae00000,0x00000000b01dd0b8,0x00000000b5900000)
 Metaspace       used 24207K, capacity 24566K, committed 24832K, reserved 1071104K
  class space    used 3173K, capacity 3304K, committed 3328K, reserved 1048576K
Event: 2.308 GC heap after
Heap after GC invocations=10 (full 2):
 PSYoungGen      total 39936K, used 4064K [0x00000000e3a00000, 0x00000000e6c00000, 0x0000000100000000)
  eden space 35840K, 0% used [0x00000000e3a00000,0x00000000e3a00000,0x00000000e5d00000)
  from space 4096K, 99% used [0x00000000e6100000,0x00000000e64f8010,0x00000000e6500000)
  to   space 4096K, 0% used [0x00000000e5d00000,0x00000000e5d00000,0x00000000e6100000)
 ParOldGen       total 175104K, used 89883K [0x00000000aae00000, 0x00000000b5900000, 0x00000000e3a00000)
  object space 175104K, 51% used [0x00000000aae00000,0x00000000b05c6e10,0x00000000b5900000)
 Metaspace       used 24207K, capacity 24566K, committed 24832K, reserved 1071104K
  class space    used 3173K, capacity 3304K, committed 3328K, reserved 1048576K
}
Event: 2.336 GC heap before
{Heap before GC invocations=11 (full 2):
 PSYoungGen      total 39936K, used 39904K [0x00000000e3a00000, 0x00000000e6c00000, 0x0000000100000000)
  eden space 35840K, 100% used [0x00000000e3a00000,0x00000000e5d00000,0x00000000e5d00000)
  from space 4096K, 99% used [0x00000000e6100000,0x00000000e64f8010,0x00000000e6500000)
  to   space 4096K, 0% used [0x00000000e5d00000,0x00000000e5d00000,0x00000000e6100000)
 ParOldGen       total 175104K, used 89883K [0x00000000aae00000, 0x00000000b5900000, 0x00000000e3a00000)
  object space 175104K, 51% used [0x00000000aae00000,0x00000000b05c6e10,0x00000000b5900000)
 Metaspace       used 24242K, capacity 24566K, committed 24832K, reserved 1071104K
  class space    used 3179K, capacity 3304K, committed 3328K, reserved 1048576K
Event: 2.342 GC heap after
Heap after GC invocations=11 (full 2):
 PSYoungGen      total 39936K, used 4064K [0x00000000e3a00000, 0x00000000ede00000, 0x0000000100000000)
  eden space 35840K, 0% used [0x00000000e3a00000,0x00000000e3a00000,0x00000000e5d00000)
  from space 4096K, 99% used [0x00000000e5d00000,0x00000000e60f8010,0x00000000e6100000)
  to   space 58368K, 0% used [0x00000000ea500000,0x00000000ea500000,0x00000000ede00000)
 ParOldGen       total 175104K, used 93962K [0x00000000aae00000, 0x00000000b5900000, 0x00000000e3a00000)
  object space 175104K, 53% used [0x00000000aae00000,0x00000000b09c2be8,0x00000000b5900000)
 Metaspace       used 24242K, capacity 24566K, committed 24832K, reserved 1071104K
  class space    used 3179K, capacity 3304K, committed 3328K, reserved 1048576K
}

